[1.517s] Invoking command in '/home/apurv/Projects/Parking Bot Project/ros_ws/build/parking_prd_bringup': CMAKE_PREFIX_PATH=${CMAKE_PREFIX_PATH}:/home/apurv/Projects/Parking Bot Project/ros_ws/install/parking_utils:/home/apurv/Projects/Parking Bot Project/ros_ws/install/parking_tasks:/home/apurv/Projects/Parking Bot Project/ros_ws/install/parking_perception:/home/apurv/Projects/Parking Bot Project/ros_ws/install/parking_navigation:/home/apurv/Projects/Parking Bot Project/ros_ws/install/parking_manipulation:/home/apurv/car_lift_robot_ws/install/car_lift_robot_perception:/home/apurv/car_lift_robot_ws/install/car_lift_robot_behaviors:/opt/ros/jazzy DEBUGINFOD_URLS=https://debuginfod.ubuntu.com /usr/bin/cmake --build /home/apurv/Projects/Parking Bot Project/ros_ws/build/parking_prd_bringup -- -j8 -l8
[1.979s] Invoked command in '/home/apurv/Projects/Parking Bot Project/ros_ws/build/parking_prd_bringup' returned '0': CMAKE_PREFIX_PATH=${CMAKE_PREFIX_PATH}:/home/apurv/Projects/Parking Bot Project/ros_ws/install/parking_utils:/home/apurv/Projects/Parking Bot Project/ros_ws/install/parking_tasks:/home/apurv/Projects/Parking Bot Project/ros_ws/install/parking_perception:/home/apurv/Projects/Parking Bot Project/ros_ws/install/parking_navigation:/home/apurv/Projects/Parking Bot Project/ros_ws/install/parking_manipulation:/home/apurv/car_lift_robot_ws/install/car_lift_robot_perception:/home/apurv/car_lift_robot_ws/install/car_lift_robot_behaviors:/opt/ros/jazzy DEBUGINFOD_URLS=https://debuginfod.ubuntu.com /usr/bin/cmake --build /home/apurv/Projects/Parking Bot Project/ros_ws/build/parking_prd_bringup -- -j8 -l8
[1.995s] Invoking command in '/home/apurv/Projects/Parking Bot Project/ros_ws/build/parking_prd_bringup': CMAKE_PREFIX_PATH=${CMAKE_PREFIX_PATH}:/home/apurv/Projects/Parking Bot Project/ros_ws/install/parking_utils:/home/apurv/Projects/Parking Bot Project/ros_ws/install/parking_tasks:/home/apurv/Projects/Parking Bot Project/ros_ws/install/parking_perception:/home/apurv/Projects/Parking Bot Project/ros_ws/install/parking_navigation:/home/apurv/Projects/Parking Bot Project/ros_ws/install/parking_manipulation:/home/apurv/car_lift_robot_ws/install/car_lift_robot_perception:/home/apurv/car_lift_robot_ws/install/car_lift_robot_behaviors:/opt/ros/jazzy DEBUGINFOD_URLS=https://debuginfod.ubuntu.com /usr/bin/cmake --install /home/apurv/Projects/Parking Bot Project/ros_ws/build/parking_prd_bringup
[2.023s] -- Install configuration: ""
[2.023s] -- Execute custom install script
[2.023s] -- Up-to-date symlink: /home/apurv/Projects/Parking Bot Project/ros_ws/install/parking_prd_bringup/share/parking_prd_bringup/launch/lot_with_overhead.launch.py
[2.024s] -- Symlinking: /home/apurv/Projects/Parking Bot Project/ros_ws/install/parking_prd_bringup/share/parking_prd_bringup/launch/robot_with_sensors.launch.py
[2.041s] -- Up-to-date symlink: /home/apurv/Projects/Parking Bot Project/ros_ws/install/parking_prd_bringup/share/ament_index/resource_index/package_run_dependencies/parking_prd_bringup
[2.041s] -- Up-to-date symlink: /home/apurv/Projects/Parking Bot Project/ros_ws/install/parking_prd_bringup/share/ament_index/resource_index/parent_prefix_path/parking_prd_bringup
[2.042s] -- Up-to-date symlink: /home/apurv/Projects/Parking Bot Project/ros_ws/install/parking_prd_bringup/share/parking_prd_bringup/environment/ament_prefix_path.sh
[2.042s] -- Up-to-date symlink: /home/apurv/Projects/Parking Bot Project/ros_ws/install/parking_prd_bringup/share/parking_prd_bringup/environment/ament_prefix_path.dsv
[2.043s] -- Up-to-date symlink: /home/apurv/Projects/Parking Bot Project/ros_ws/install/parking_prd_bringup/share/parking_prd_bringup/environment/path.sh
[2.043s] -- Up-to-date symlink: /home/apurv/Projects/Parking Bot Project/ros_ws/install/parking_prd_bringup/share/parking_prd_bringup/environment/path.dsv
[2.043s] -- Up-to-date symlink: /home/apurv/Projects/Parking Bot Project/ros_ws/install/parking_prd_bringup/share/parking_prd_bringup/local_setup.bash
[2.044s] -- Up-to-date symlink: /home/apurv/Projects/Parking Bot Project/ros_ws/install/parking_prd_bringup/share/parking_prd_bringup/local_setup.sh
[2.044s] -- Up-to-date symlink: /home/apurv/Projects/Parking Bot Project/ros_ws/install/parking_prd_bringup/share/parking_prd_bringup/local_setup.zsh
[2.044s] -- Up-to-date symlink: /home/apurv/Projects/Parking Bot Project/ros_ws/install/parking_prd_bringup/share/parking_prd_bringup/local_setup.dsv
[2.045s] -- Symlinking: /home/apurv/Projects/Parking Bot Project/ros_ws/install/parking_prd_bringup/share/parking_prd_bringup/package.dsv
[2.065s] -- Up-to-date symlink: /home/apurv/Projects/Parking Bot Project/ros_ws/install/parking_prd_bringup/share/ament_index/resource_index/packages/parking_prd_bringup
[2.066s] -- Up-to-date symlink: /home/apurv/Projects/Parking Bot Project/ros_ws/install/parking_prd_bringup/share/parking_prd_bringup/cmake/parking_prd_bringupConfig.cmake
[2.066s] -- Up-to-date symlink: /home/apurv/Projects/Parking Bot Project/ros_ws/install/parking_prd_bringup/share/parking_prd_bringup/cmake/parking_prd_bringupConfig-version.cmake
[2.066s] -- Up-to-date symlink: /home/apurv/Projects/Parking Bot Project/ros_ws/install/parking_prd_bringup/share/parking_prd_bringup/package.xml
[2.118s] Invoked command in '/home/apurv/Projects/Parking Bot Project/ros_ws/build/parking_prd_bringup' returned '0': CMAKE_PREFIX_PATH=${CMAKE_PREFIX_PATH}:/home/apurv/Projects/Parking Bot Project/ros_ws/install/parking_utils:/home/apurv/Projects/Parking Bot Project/ros_ws/install/parking_tasks:/home/apurv/Projects/Parking Bot Project/ros_ws/install/parking_perception:/home/apurv/Projects/Parking Bot Project/ros_ws/install/parking_navigation:/home/apurv/Projects/Parking Bot Project/ros_ws/install/parking_manipulation:/home/apurv/car_lift_robot_ws/install/car_lift_robot_perception:/home/apurv/car_lift_robot_ws/install/car_lift_robot_behaviors:/opt/ros/jazzy DEBUGINFOD_URLS=https://debuginfod.ubuntu.com /usr/bin/cmake --install /home/apurv/Projects/Parking Bot Project/ros_ws/build/parking_prd_bringup
