[1.563s] Invoking command in '/home/apurv/Projects/Parking Bot Project/ros_ws/build/parking_prd_bringup': CMAKE_PREFIX_PATH=${CMAKE_PREFIX_PATH}:/home/apurv/Projects/Parking Bot Project/ros_ws/install/parking_utils:/home/apurv/Projects/Parking Bot Project/ros_ws/install/parking_tasks:/home/apurv/Projects/Parking Bot Project/ros_ws/install/parking_perception:/home/apurv/Projects/Parking Bot Project/ros_ws/install/parking_navigation:/home/apurv/Projects/Parking Bot Project/ros_ws/install/parking_manipulation:/home/apurv/car_lift_robot_ws/install/car_lift_robot_perception:/home/apurv/car_lift_robot_ws/install/car_lift_robot_behaviors:/opt/ros/jazzy DEBUGINFOD_URLS=https://debuginfod.ubuntu.com /usr/bin/cmake --build /home/apurv/Projects/Parking Bot Project/ros_ws/build/parking_prd_bringup -- -j8 -l8
[1.620s] -- Found ament_cmake: 2.5.4 (/opt/ros/jazzy/share/ament_cmake/cmake)
[2.132s] -- Override CMake install command with custom implementation using symlinks instead of copying resources
[2.160s] -- Found ament_lint_auto: 0.17.3 (/opt/ros/jazzy/share/ament_lint_auto/cmake)
[2.530s] -- Added test 'flake8' to check Python code syntax and style conventions
[2.530s] -- Configured 'flake8' exclude dirs and/or files: 
[2.534s] -- Added test 'lint_cmake' to check CMake code style
[2.536s] -- Added test 'pep257' to check Python code against some of the docstring style conventions in PEP 257
[2.540s] -- Added test 'xmllint' to check XML markup files
[2.542s] -- Configuring done (0.9s)
[2.549s] -- Generating done (0.0s)
[2.551s] -- Build files have been written to: /home/apurv/Projects/Parking Bot Project/ros_ws/build/parking_prd_bringup
[3.119s] Invoked command in '/home/apurv/Projects/Parking Bot Project/ros_ws/build/parking_prd_bringup' returned '0': CMAKE_PREFIX_PATH=${CMAKE_PREFIX_PATH}:/home/apurv/Projects/Parking Bot Project/ros_ws/install/parking_utils:/home/apurv/Projects/Parking Bot Project/ros_ws/install/parking_tasks:/home/apurv/Projects/Parking Bot Project/ros_ws/install/parking_perception:/home/apurv/Projects/Parking Bot Project/ros_ws/install/parking_navigation:/home/apurv/Projects/Parking Bot Project/ros_ws/install/parking_manipulation:/home/apurv/car_lift_robot_ws/install/car_lift_robot_perception:/home/apurv/car_lift_robot_ws/install/car_lift_robot_behaviors:/opt/ros/jazzy DEBUGINFOD_URLS=https://debuginfod.ubuntu.com /usr/bin/cmake --build /home/apurv/Projects/Parking Bot Project/ros_ws/build/parking_prd_bringup -- -j8 -l8
[3.126s] Invoking command in '/home/apurv/Projects/Parking Bot Project/ros_ws/build/parking_prd_bringup': CMAKE_PREFIX_PATH=${CMAKE_PREFIX_PATH}:/home/apurv/Projects/Parking Bot Project/ros_ws/install/parking_utils:/home/apurv/Projects/Parking Bot Project/ros_ws/install/parking_tasks:/home/apurv/Projects/Parking Bot Project/ros_ws/install/parking_perception:/home/apurv/Projects/Parking Bot Project/ros_ws/install/parking_navigation:/home/apurv/Projects/Parking Bot Project/ros_ws/install/parking_manipulation:/home/apurv/car_lift_robot_ws/install/car_lift_robot_perception:/home/apurv/car_lift_robot_ws/install/car_lift_robot_behaviors:/opt/ros/jazzy DEBUGINFOD_URLS=https://debuginfod.ubuntu.com /usr/bin/cmake --install /home/apurv/Projects/Parking Bot Project/ros_ws/build/parking_prd_bringup
[3.141s] -- Install configuration: ""
[3.143s] -- Execute custom install script
[3.143s] -- Symlinking: /home/apurv/Projects/Parking Bot Project/ros_ws/install/parking_prd_bringup/share/parking_prd_bringup/launch/lot_with_overhead.launch.py
[3.165s] -- Up-to-date symlink: /home/apurv/Projects/Parking Bot Project/ros_ws/install/parking_prd_bringup/share/ament_index/resource_index/package_run_dependencies/parking_prd_bringup
[3.168s] -- Up-to-date symlink: /home/apurv/Projects/Parking Bot Project/ros_ws/install/parking_prd_bringup/share/ament_index/resource_index/parent_prefix_path/parking_prd_bringup
[3.168s] -- Up-to-date symlink: /home/apurv/Projects/Parking Bot Project/ros_ws/install/parking_prd_bringup/share/parking_prd_bringup/environment/ament_prefix_path.sh
[3.168s] -- Up-to-date symlink: /home/apurv/Projects/Parking Bot Project/ros_ws/install/parking_prd_bringup/share/parking_prd_bringup/environment/ament_prefix_path.dsv
[3.169s] -- Up-to-date symlink: /home/apurv/Projects/Parking Bot Project/ros_ws/install/parking_prd_bringup/share/parking_prd_bringup/environment/path.sh
[3.170s] -- Up-to-date symlink: /home/apurv/Projects/Parking Bot Project/ros_ws/install/parking_prd_bringup/share/parking_prd_bringup/environment/path.dsv
[3.170s] -- Up-to-date symlink: /home/apurv/Projects/Parking Bot Project/ros_ws/install/parking_prd_bringup/share/parking_prd_bringup/local_setup.bash
[3.170s] -- Up-to-date symlink: /home/apurv/Projects/Parking Bot Project/ros_ws/install/parking_prd_bringup/share/parking_prd_bringup/local_setup.sh
[3.170s] -- Up-to-date symlink: /home/apurv/Projects/Parking Bot Project/ros_ws/install/parking_prd_bringup/share/parking_prd_bringup/local_setup.zsh
[3.172s] -- Up-to-date symlink: /home/apurv/Projects/Parking Bot Project/ros_ws/install/parking_prd_bringup/share/parking_prd_bringup/local_setup.dsv
[3.172s] -- Symlinking: /home/apurv/Projects/Parking Bot Project/ros_ws/install/parking_prd_bringup/share/parking_prd_bringup/package.dsv
[3.192s] -- Up-to-date symlink: /home/apurv/Projects/Parking Bot Project/ros_ws/install/parking_prd_bringup/share/ament_index/resource_index/packages/parking_prd_bringup
[3.193s] -- Up-to-date symlink: /home/apurv/Projects/Parking Bot Project/ros_ws/install/parking_prd_bringup/share/parking_prd_bringup/cmake/parking_prd_bringupConfig.cmake
[3.195s] -- Up-to-date symlink: /home/apurv/Projects/Parking Bot Project/ros_ws/install/parking_prd_bringup/share/parking_prd_bringup/cmake/parking_prd_bringupConfig-version.cmake
[3.195s] -- Up-to-date symlink: /home/apurv/Projects/Parking Bot Project/ros_ws/install/parking_prd_bringup/share/parking_prd_bringup/package.xml
[3.200s] Invoked command in '/home/apurv/Projects/Parking Bot Project/ros_ws/build/parking_prd_bringup' returned '0': CMAKE_PREFIX_PATH=${CMAKE_PREFIX_PATH}:/home/apurv/Projects/Parking Bot Project/ros_ws/install/parking_utils:/home/apurv/Projects/Parking Bot Project/ros_ws/install/parking_tasks:/home/apurv/Projects/Parking Bot Project/ros_ws/install/parking_perception:/home/apurv/Projects/Parking Bot Project/ros_ws/install/parking_navigation:/home/apurv/Projects/Parking Bot Project/ros_ws/install/parking_manipulation:/home/apurv/car_lift_robot_ws/install/car_lift_robot_perception:/home/apurv/car_lift_robot_ws/install/car_lift_robot_behaviors:/opt/ros/jazzy DEBUGINFOD_URLS=https://debuginfod.ubuntu.com /usr/bin/cmake --install /home/apurv/Projects/Parking Bot Project/ros_ws/build/parking_prd_bringup
