[0.749s] Invoking command in '/home/apurv/Projects/Parking Bot Project/ros_ws/build/parking_world': CMAKE_PREFIX_PATH=${CMAKE_PREFIX_PATH}:/home/apurv/Projects/Parking Bot Project/ros_ws/install/parking_utils:/home/apurv/Projects/Parking Bot Project/ros_ws/install/parking_tasks:/home/apurv/Projects/Parking Bot Project/ros_ws/install/parking_perception:/home/apurv/Projects/Parking Bot Project/ros_ws/install/parking_navigation:/home/apurv/Projects/Parking Bot Project/ros_ws/install/parking_manipulation:/home/apurv/car_lift_robot_ws/install/car_lift_robot_perception:/home/apurv/car_lift_robot_ws/install/car_lift_robot_behaviors:/opt/ros/jazzy DEBUGINFOD_URLS=https://debuginfod.ubuntu.com /usr/bin/cmake /home/apurv/Projects/Parking Bot Project/ros_ws/src/parking_world -DCMAKE_INSTALL_PREFIX=/home/apurv/Projects/Parking Bot Project/ros_ws/install/parking_world
[0.788s] -- Found ament_cmake: 2.5.4 (/opt/ros/jazzy/share/ament_cmake/cmake)
[1.483s] -- Override CMake install command with custom implementation using symlinks instead of copying resources
[1.511s] -- Found ament_lint_auto: 0.17.3 (/opt/ros/jazzy/share/ament_lint_auto/cmake)
[1.799s] -- Added test 'lint_cmake' to check CMake code style
[1.803s] -- Added test 'xmllint' to check XML markup files
[1.806s] -- Configuring done (1.0s)
[1.813s] -- Generating done (0.0s)
[1.819s] -- Build files have been written to: /home/apurv/Projects/Parking Bot Project/ros_ws/build/parking_world
[1.827s] Invoked command in '/home/apurv/Projects/Parking Bot Project/ros_ws/build/parking_world' returned '0': CMAKE_PREFIX_PATH=${CMAKE_PREFIX_PATH}:/home/apurv/Projects/Parking Bot Project/ros_ws/install/parking_utils:/home/apurv/Projects/Parking Bot Project/ros_ws/install/parking_tasks:/home/apurv/Projects/Parking Bot Project/ros_ws/install/parking_perception:/home/apurv/Projects/Parking Bot Project/ros_ws/install/parking_navigation:/home/apurv/Projects/Parking Bot Project/ros_ws/install/parking_manipulation:/home/apurv/car_lift_robot_ws/install/car_lift_robot_perception:/home/apurv/car_lift_robot_ws/install/car_lift_robot_behaviors:/opt/ros/jazzy DEBUGINFOD_URLS=https://debuginfod.ubuntu.com /usr/bin/cmake /home/apurv/Projects/Parking Bot Project/ros_ws/src/parking_world -DCMAKE_INSTALL_PREFIX=/home/apurv/Projects/Parking Bot Project/ros_ws/install/parking_world
[1.829s] Invoking command in '/home/apurv/Projects/Parking Bot Project/ros_ws/build/parking_world': CMAKE_PREFIX_PATH=${CMAKE_PREFIX_PATH}:/home/apurv/Projects/Parking Bot Project/ros_ws/install/parking_utils:/home/apurv/Projects/Parking Bot Project/ros_ws/install/parking_tasks:/home/apurv/Projects/Parking Bot Project/ros_ws/install/parking_perception:/home/apurv/Projects/Parking Bot Project/ros_ws/install/parking_navigation:/home/apurv/Projects/Parking Bot Project/ros_ws/install/parking_manipulation:/home/apurv/car_lift_robot_ws/install/car_lift_robot_perception:/home/apurv/car_lift_robot_ws/install/car_lift_robot_behaviors:/opt/ros/jazzy DEBUGINFOD_URLS=https://debuginfod.ubuntu.com /usr/bin/cmake --build /home/apurv/Projects/Parking Bot Project/ros_ws/build/parking_world -- -j8 -l8
[1.907s] Invoked command in '/home/apurv/Projects/Parking Bot Project/ros_ws/build/parking_world' returned '0': CMAKE_PREFIX_PATH=${CMAKE_PREFIX_PATH}:/home/apurv/Projects/Parking Bot Project/ros_ws/install/parking_utils:/home/apurv/Projects/Parking Bot Project/ros_ws/install/parking_tasks:/home/apurv/Projects/Parking Bot Project/ros_ws/install/parking_perception:/home/apurv/Projects/Parking Bot Project/ros_ws/install/parking_navigation:/home/apurv/Projects/Parking Bot Project/ros_ws/install/parking_manipulation:/home/apurv/car_lift_robot_ws/install/car_lift_robot_perception:/home/apurv/car_lift_robot_ws/install/car_lift_robot_behaviors:/opt/ros/jazzy DEBUGINFOD_URLS=https://debuginfod.ubuntu.com /usr/bin/cmake --build /home/apurv/Projects/Parking Bot Project/ros_ws/build/parking_world -- -j8 -l8
[1.910s] Invoking command in '/home/apurv/Projects/Parking Bot Project/ros_ws/build/parking_world': CMAKE_PREFIX_PATH=${CMAKE_PREFIX_PATH}:/home/apurv/Projects/Parking Bot Project/ros_ws/install/parking_utils:/home/apurv/Projects/Parking Bot Project/ros_ws/install/parking_tasks:/home/apurv/Projects/Parking Bot Project/ros_ws/install/parking_perception:/home/apurv/Projects/Parking Bot Project/ros_ws/install/parking_navigation:/home/apurv/Projects/Parking Bot Project/ros_ws/install/parking_manipulation:/home/apurv/car_lift_robot_ws/install/car_lift_robot_perception:/home/apurv/car_lift_robot_ws/install/car_lift_robot_behaviors:/opt/ros/jazzy DEBUGINFOD_URLS=https://debuginfod.ubuntu.com /usr/bin/cmake --install /home/apurv/Projects/Parking Bot Project/ros_ws/build/parking_world
[1.928s] -- Install configuration: ""
[1.929s] -- Execute custom install script
[1.930s] -- Up-to-date symlink: /home/apurv/Projects/Parking Bot Project/ros_ws/install/parking_world/share/ament_index/resource_index/package_run_dependencies/parking_world
[1.931s] -- Up-to-date symlink: /home/apurv/Projects/Parking Bot Project/ros_ws/install/parking_world/share/ament_index/resource_index/parent_prefix_path/parking_world
[1.932s] -- Up-to-date symlink: /home/apurv/Projects/Parking Bot Project/ros_ws/install/parking_world/share/parking_world/environment/ament_prefix_path.sh
[1.932s] -- Up-to-date symlink: /home/apurv/Projects/Parking Bot Project/ros_ws/install/parking_world/share/parking_world/environment/ament_prefix_path.dsv
[1.933s] -- Up-to-date symlink: /home/apurv/Projects/Parking Bot Project/ros_ws/install/parking_world/share/parking_world/environment/path.sh
[1.934s] -- Up-to-date symlink: /home/apurv/Projects/Parking Bot Project/ros_ws/install/parking_world/share/parking_world/environment/path.dsv
[1.934s] -- Up-to-date symlink: /home/apurv/Projects/Parking Bot Project/ros_ws/install/parking_world/share/parking_world/local_setup.bash
[1.935s] -- Up-to-date symlink: /home/apurv/Projects/Parking Bot Project/ros_ws/install/parking_world/share/parking_world/local_setup.sh
[1.935s] -- Up-to-date symlink: /home/apurv/Projects/Parking Bot Project/ros_ws/install/parking_world/share/parking_world/local_setup.zsh
[1.935s] -- Up-to-date symlink: /home/apurv/Projects/Parking Bot Project/ros_ws/install/parking_world/share/parking_world/local_setup.dsv
[1.935s] -- Symlinking: /home/apurv/Projects/Parking Bot Project/ros_ws/install/parking_world/share/parking_world/package.dsv
[1.957s] -- Up-to-date symlink: /home/apurv/Projects/Parking Bot Project/ros_ws/install/parking_world/share/ament_index/resource_index/packages/parking_world
[1.958s] -- Up-to-date symlink: /home/apurv/Projects/Parking Bot Project/ros_ws/install/parking_world/share/parking_world/cmake/parking_worldConfig.cmake
[1.958s] -- Up-to-date symlink: /home/apurv/Projects/Parking Bot Project/ros_ws/install/parking_world/share/parking_world/cmake/parking_worldConfig-version.cmake
[1.959s] -- Up-to-date symlink: /home/apurv/Projects/Parking Bot Project/ros_ws/install/parking_world/share/parking_world/package.xml
[1.964s] Invoked command in '/home/apurv/Projects/Parking Bot Project/ros_ws/build/parking_world' returned '0': CMAKE_PREFIX_PATH=${CMAKE_PREFIX_PATH}:/home/apurv/Projects/Parking Bot Project/ros_ws/install/parking_utils:/home/apurv/Projects/Parking Bot Project/ros_ws/install/parking_tasks:/home/apurv/Projects/Parking Bot Project/ros_ws/install/parking_perception:/home/apurv/Projects/Parking Bot Project/ros_ws/install/parking_navigation:/home/apurv/Projects/Parking Bot Project/ros_ws/install/parking_manipulation:/home/apurv/car_lift_robot_ws/install/car_lift_robot_perception:/home/apurv/car_lift_robot_ws/install/car_lift_robot_behaviors:/opt/ros/jazzy DEBUGINFOD_URLS=https://debuginfod.ubuntu.com /usr/bin/cmake --install /home/apurv/Projects/Parking Bot Project/ros_ws/build/parking_world
