[1.356s] Invoking command in '/home/apurv/Projects/Parking Bot Project/ros_ws/build/parking_robot_control': CMAKE_PREFIX_PATH=${CMAKE_PREFIX_PATH}:/home/apurv/car_lift_robot_ws/install/car_lift_robot_perception:/home/apurv/car_lift_robot_ws/install/car_lift_robot_behaviors:/opt/ros/jazzy DEBUGINFOD_URLS=https://debuginfod.ubuntu.com /usr/bin/cmake /home/apurv/Projects/Parking Bot Project/ros_ws/src/parking_robot_control -DAMENT_CMAKE_SYMLINK_INSTALL=1 -DCMAKE_INSTALL_PREFIX=/home/apurv/Projects/Parking Bot Project/ros_ws/install/parking_robot_control
[1.576s] -- The C compiler identification is GNU 13.3.0
[1.745s] -- The CXX compiler identification is GNU 13.3.0
[1.783s] -- Detecting C compiler ABI info
[2.000s] -- Detecting C compiler ABI info - done
[2.027s] -- Check for working C compiler: /usr/bin/cc - skipped
[2.027s] -- Detecting C compile features
[2.029s] -- Detecting C compile features - done
[2.054s] -- Detecting CXX compiler ABI info
[2.433s] -- Detecting CXX compiler ABI info - done
[2.479s] -- Check for working CXX compiler: /usr/bin/c++ - skipped
[2.479s] -- Detecting CXX compile features
[2.479s] -- Detecting CXX compile features - done
[2.495s] -- Found ament_cmake: 2.5.4 (/opt/ros/jazzy/share/ament_cmake/cmake)
[2.996s] -- Found Python3: /usr/bin/python3 (found version "3.12.3") found components: Interpreter 
[3.196s] -- Override CMake install command with custom implementation using symlinks instead of copying resources
[3.333s] -- Found ament_lint_auto: 0.17.3 (/opt/ros/jazzy/share/ament_lint_auto/cmake)
[3.724s] -- Added test 'lint_cmake' to check CMake code style
[3.729s] -- Added test 'xmllint' to check XML markup files
[3.736s] -- Configuring done (2.3s)
[3.746s] -- Generating done (0.0s)
[3.747s] -- Build files have been written to: /home/apurv/Projects/Parking Bot Project/ros_ws/build/parking_robot_control
[3.763s] Invoked command in '/home/apurv/Projects/Parking Bot Project/ros_ws/build/parking_robot_control' returned '0': CMAKE_PREFIX_PATH=${CMAKE_PREFIX_PATH}:/home/apurv/car_lift_robot_ws/install/car_lift_robot_perception:/home/apurv/car_lift_robot_ws/install/car_lift_robot_behaviors:/opt/ros/jazzy DEBUGINFOD_URLS=https://debuginfod.ubuntu.com /usr/bin/cmake /home/apurv/Projects/Parking Bot Project/ros_ws/src/parking_robot_control -DAMENT_CMAKE_SYMLINK_INSTALL=1 -DCMAKE_INSTALL_PREFIX=/home/apurv/Projects/Parking Bot Project/ros_ws/install/parking_robot_control
[3.767s] Invoking command in '/home/apurv/Projects/Parking Bot Project/ros_ws/build/parking_robot_control': CMAKE_PREFIX_PATH=${CMAKE_PREFIX_PATH}:/home/apurv/car_lift_robot_ws/install/car_lift_robot_perception:/home/apurv/car_lift_robot_ws/install/car_lift_robot_behaviors:/opt/ros/jazzy DEBUGINFOD_URLS=https://debuginfod.ubuntu.com /usr/bin/cmake --build /home/apurv/Projects/Parking Bot Project/ros_ws/build/parking_robot_control -- -j8 -l8
[3.877s] Invoked command in '/home/apurv/Projects/Parking Bot Project/ros_ws/build/parking_robot_control' returned '0': CMAKE_PREFIX_PATH=${CMAKE_PREFIX_PATH}:/home/apurv/car_lift_robot_ws/install/car_lift_robot_perception:/home/apurv/car_lift_robot_ws/install/car_lift_robot_behaviors:/opt/ros/jazzy DEBUGINFOD_URLS=https://debuginfod.ubuntu.com /usr/bin/cmake --build /home/apurv/Projects/Parking Bot Project/ros_ws/build/parking_robot_control -- -j8 -l8
[3.921s] Invoking command in '/home/apurv/Projects/Parking Bot Project/ros_ws/build/parking_robot_control': CMAKE_PREFIX_PATH=${CMAKE_PREFIX_PATH}:/home/apurv/car_lift_robot_ws/install/car_lift_robot_perception:/home/apurv/car_lift_robot_ws/install/car_lift_robot_behaviors:/opt/ros/jazzy DEBUGINFOD_URLS=https://debuginfod.ubuntu.com /usr/bin/cmake --install /home/apurv/Projects/Parking Bot Project/ros_ws/build/parking_robot_control
[3.964s] -- Install configuration: ""
[3.965s] -- Execute custom install script
[3.965s] -- Symlinking: /home/apurv/Projects/Parking Bot Project/ros_ws/install/parking_robot_control/share/ament_index/resource_index/package_run_dependencies/parking_robot_control
[4.003s] -- Symlinking: /home/apurv/Projects/Parking Bot Project/ros_ws/install/parking_robot_control/share/ament_index/resource_index/parent_prefix_path/parking_robot_control
[4.023s] -- Symlinking: /home/apurv/Projects/Parking Bot Project/ros_ws/install/parking_robot_control/share/parking_robot_control/environment/ament_prefix_path.sh
[4.049s] -- Symlinking: /home/apurv/Projects/Parking Bot Project/ros_ws/install/parking_robot_control/share/parking_robot_control/environment/ament_prefix_path.dsv
[4.078s] -- Symlinking: /home/apurv/Projects/Parking Bot Project/ros_ws/install/parking_robot_control/share/parking_robot_control/environment/path.sh
[4.097s] -- Symlinking: /home/apurv/Projects/Parking Bot Project/ros_ws/install/parking_robot_control/share/parking_robot_control/environment/path.dsv
[4.139s] -- Symlinking: /home/apurv/Projects/Parking Bot Project/ros_ws/install/parking_robot_control/share/parking_robot_control/local_setup.bash
[4.176s] -- Symlinking: /home/apurv/Projects/Parking Bot Project/ros_ws/install/parking_robot_control/share/parking_robot_control/local_setup.sh
[4.203s] -- Symlinking: /home/apurv/Projects/Parking Bot Project/ros_ws/install/parking_robot_control/share/parking_robot_control/local_setup.zsh
[4.225s] -- Symlinking: /home/apurv/Projects/Parking Bot Project/ros_ws/install/parking_robot_control/share/parking_robot_control/local_setup.dsv
[4.247s] -- Symlinking: /home/apurv/Projects/Parking Bot Project/ros_ws/install/parking_robot_control/share/parking_robot_control/package.dsv
[4.268s] -- Symlinking: /home/apurv/Projects/Parking Bot Project/ros_ws/install/parking_robot_control/share/ament_index/resource_index/packages/parking_robot_control
[4.298s] -- Symlinking: /home/apurv/Projects/Parking Bot Project/ros_ws/install/parking_robot_control/share/parking_robot_control/cmake/parking_robot_controlConfig.cmake
[4.318s] -- Symlinking: /home/apurv/Projects/Parking Bot Project/ros_ws/install/parking_robot_control/share/parking_robot_control/cmake/parking_robot_controlConfig-version.cmake
[4.344s] -- Symlinking: /home/apurv/Projects/Parking Bot Project/ros_ws/install/parking_robot_control/share/parking_robot_control/package.xml
[4.370s] Invoked command in '/home/apurv/Projects/Parking Bot Project/ros_ws/build/parking_robot_control' returned '0': CMAKE_PREFIX_PATH=${CMAKE_PREFIX_PATH}:/home/apurv/car_lift_robot_ws/install/car_lift_robot_perception:/home/apurv/car_lift_robot_ws/install/car_lift_robot_behaviors:/opt/ros/jazzy DEBUGINFOD_URLS=https://debuginfod.ubuntu.com /usr/bin/cmake --install /home/apurv/Projects/Parking Bot Project/ros_ws/build/parking_robot_control
