[3.943s] Invoking command in '/home/apurv/Projects/Parking Bot Project/ros_ws/build/parking_robot_control': CMAKE_PREFIX_PATH=${CMAKE_PREFIX_PATH}:/home/apurv/car_lift_robot_ws/install/car_lift_robot_perception:/home/apurv/car_lift_robot_ws/install/car_lift_robot_behaviors:/opt/ros/jazzy DEBUGINFOD_URLS=https://debuginfod.ubuntu.com /usr/bin/cmake --build /home/apurv/Projects/Parking Bot Project/ros_ws/build/parking_robot_control -- -j8 -l8
[5.340s] Invoked command in '/home/apurv/Projects/Parking Bot Project/ros_ws/build/parking_robot_control' returned '0': CMAKE_PREFIX_PATH=${CMAKE_PREFIX_PATH}:/home/apurv/car_lift_robot_ws/install/car_lift_robot_perception:/home/apurv/car_lift_robot_ws/install/car_lift_robot_behaviors:/opt/ros/jazzy DEBUGINFOD_URLS=https://debuginfod.ubuntu.com /usr/bin/cmake --build /home/apurv/Projects/Parking Bot Project/ros_ws/build/parking_robot_control -- -j8 -l8
[5.349s] Invoking command in '/home/apurv/Projects/Parking Bot Project/ros_ws/build/parking_robot_control': CMAKE_PREFIX_PATH=${CMAKE_PREFIX_PATH}:/home/apurv/car_lift_robot_ws/install/car_lift_robot_perception:/home/apurv/car_lift_robot_ws/install/car_lift_robot_behaviors:/opt/ros/jazzy DEBUGINFOD_URLS=https://debuginfod.ubuntu.com /usr/bin/cmake --install /home/apurv/Projects/Parking Bot Project/ros_ws/build/parking_robot_control
[5.428s] -- Install configuration: ""
[5.429s] -- Execute custom install script
[5.430s] -- Up-to-date symlink: /home/apurv/Projects/Parking Bot Project/ros_ws/install/parking_robot_control/share/ament_index/resource_index/package_run_dependencies/parking_robot_control
[5.431s] -- Up-to-date symlink: /home/apurv/Projects/Parking Bot Project/ros_ws/install/parking_robot_control/share/ament_index/resource_index/parent_prefix_path/parking_robot_control
[5.431s] -- Up-to-date symlink: /home/apurv/Projects/Parking Bot Project/ros_ws/install/parking_robot_control/share/parking_robot_control/environment/ament_prefix_path.sh
[5.432s] -- Up-to-date symlink: /home/apurv/Projects/Parking Bot Project/ros_ws/install/parking_robot_control/share/parking_robot_control/environment/ament_prefix_path.dsv
[5.434s] -- Up-to-date symlink: /home/apurv/Projects/Parking Bot Project/ros_ws/install/parking_robot_control/share/parking_robot_control/environment/path.sh
[5.435s] -- Up-to-date symlink: /home/apurv/Projects/Parking Bot Project/ros_ws/install/parking_robot_control/share/parking_robot_control/environment/path.dsv
[5.436s] -- Up-to-date symlink: /home/apurv/Projects/Parking Bot Project/ros_ws/install/parking_robot_control/share/parking_robot_control/local_setup.bash
[5.436s] -- Up-to-date symlink: /home/apurv/Projects/Parking Bot Project/ros_ws/install/parking_robot_control/share/parking_robot_control/local_setup.sh
[5.436s] -- Up-to-date symlink: /home/apurv/Projects/Parking Bot Project/ros_ws/install/parking_robot_control/share/parking_robot_control/local_setup.zsh
[5.437s] -- Up-to-date symlink: /home/apurv/Projects/Parking Bot Project/ros_ws/install/parking_robot_control/share/parking_robot_control/local_setup.dsv
[5.441s] -- Symlinking: /home/apurv/Projects/Parking Bot Project/ros_ws/install/parking_robot_control/share/parking_robot_control/package.dsv
[5.469s] -- Up-to-date symlink: /home/apurv/Projects/Parking Bot Project/ros_ws/install/parking_robot_control/share/ament_index/resource_index/packages/parking_robot_control
[5.472s] -- Up-to-date symlink: /home/apurv/Projects/Parking Bot Project/ros_ws/install/parking_robot_control/share/parking_robot_control/cmake/parking_robot_controlConfig.cmake
[5.475s] -- Up-to-date symlink: /home/apurv/Projects/Parking Bot Project/ros_ws/install/parking_robot_control/share/parking_robot_control/cmake/parking_robot_controlConfig-version.cmake
[5.478s] -- Up-to-date symlink: /home/apurv/Projects/Parking Bot Project/ros_ws/install/parking_robot_control/share/parking_robot_control/package.xml
[5.503s] Invoked command in '/home/apurv/Projects/Parking Bot Project/ros_ws/build/parking_robot_control' returned '0': CMAKE_PREFIX_PATH=${CMAKE_PREFIX_PATH}:/home/apurv/car_lift_robot_ws/install/car_lift_robot_perception:/home/apurv/car_lift_robot_ws/install/car_lift_robot_behaviors:/opt/ros/jazzy DEBUGINFOD_URLS=https://debuginfod.ubuntu.com /usr/bin/cmake --install /home/apurv/Projects/Parking Bot Project/ros_ws/build/parking_robot_control
