running develop
Removing /home/apurv/Projects/Parking Bot Project/ros_ws/install/parking_tasks/lib/python3.12/site-packages/parking-tasks.egg-link (link to .)
running egg_info
writing ../../build/parking_tasks/parking_tasks.egg-info/PKG-INFO
writing dependency_links to ../../build/parking_tasks/parking_tasks.egg-info/dependency_links.txt
writing requirements to ../../build/parking_tasks/parking_tasks.egg-info/requires.txt
writing top-level names to ../../build/parking_tasks/parking_tasks.egg-info/top_level.txt
reading manifest file '../../build/parking_tasks/parking_tasks.egg-info/SOURCES.txt'
writing manifest file '../../build/parking_tasks/parking_tasks.egg-info/SOURCES.txt'
running build
running build_py
creating /home/apurv/Projects/Parking Bot Project/ros_ws/build/parking_tasks/build
creating /home/apurv/Projects/Parking Bot Project/ros_ws/build/parking_tasks/build/lib
creating /home/apurv/Projects/Parking Bot Project/ros_ws/build/parking_tasks/build/lib/parking_tasks
copying parking_tasks/__init__.py -> /home/apurv/Projects/Parking Bot Project/ros_ws/build/parking_tasks/build/lib/parking_tasks
running install
running install_lib
creating /home/apurv/Projects/Parking Bot Project/ros_ws/install/parking_tasks/lib/python3.12/site-packages/parking_tasks
copying /home/apurv/Projects/Parking Bot Project/ros_ws/build/parking_tasks/build/lib/parking_tasks/__init__.py -> /home/apurv/Projects/Parking Bot Project/ros_ws/install/parking_tasks/lib/python3.12/site-packages/parking_tasks
byte-compiling /home/apurv/Projects/Parking Bot Project/ros_ws/install/parking_tasks/lib/python3.12/site-packages/parking_tasks/__init__.py to __init__.cpython-312.pyc
running install_data
copying resource/parking_tasks -> /home/apurv/Projects/Parking Bot Project/ros_ws/install/parking_tasks/share/ament_index/resource_index/packages
copying package.xml -> /home/apurv/Projects/Parking Bot Project/ros_ws/install/parking_tasks/share/parking_tasks
running install_egg_info
Copying ../../build/parking_tasks/parking_tasks.egg-info to /home/apurv/Projects/Parking Bot Project/ros_ws/install/parking_tasks/lib/python3.12/site-packages/parking_tasks-0.0.0-py3.12.egg-info
running install_scripts
writing list of installed files to '/home/apurv/Projects/Parking Bot Project/ros_ws/build/parking_tasks/install.log'
