[3.573s] Invoking command in '/home/apurv/Projects/Parking Bot Project/ros_ws/build/parking_tasks': DEBUGINFOD_URLS=https://debuginfod.ubuntu.com PYTHONPATH=/home/apurv/Projects/Parking Bot Project/ros_ws/build/parking_tasks/prefix_override:/usr/lib/python3/dist-packages/colcon_core/task/python/colcon_distutils_commands:/home/apurv/Projects/Parking Bot Project/ros_ws/install/parking_tasks/lib/python3.12/site-packages:${PYTHONPATH} /usr/bin/python3 -W ignore:setup.py install is deprecated -W ignore:easy_install command is deprecated setup.py develop --uninstall --editable --build-directory /home/apurv/Projects/Parking Bot Project/ros_ws/build/parking_tasks/build
[4.493s] running develop
[5.032s] Removing /home/apurv/Projects/Parking Bot Project/ros_ws/install/parking_tasks/lib/python3.12/site-packages/parking-tasks.egg-link (link to .)
[5.075s] Invoked command in '/home/apurv/Projects/Parking Bot Project/ros_ws/build/parking_tasks' returned '0': DEBUGINFOD_URLS=https://debuginfod.ubuntu.com PYTHONPATH=/home/apurv/Projects/Parking Bot Project/ros_ws/build/parking_tasks/prefix_override:/usr/lib/python3/dist-packages/colcon_core/task/python/colcon_distutils_commands:/home/apurv/Projects/Parking Bot Project/ros_ws/install/parking_tasks/lib/python3.12/site-packages:${PYTHONPATH} /usr/bin/python3 -W ignore:setup.py install is deprecated -W ignore:easy_install command is deprecated setup.py develop --uninstall --editable --build-directory /home/apurv/Projects/Parking Bot Project/ros_ws/build/parking_tasks/build
[5.077s] Invoking command in '/home/apurv/Projects/Parking Bot Project/ros_ws/src/parking_tasks': DEBUGINFOD_URLS=https://debuginfod.ubuntu.com PYTHONPATH=/home/apurv/Projects/Parking Bot Project/ros_ws/build/parking_tasks/prefix_override:/usr/lib/python3/dist-packages/colcon_core/task/python/colcon_distutils_commands:/home/apurv/Projects/Parking Bot Project/ros_ws/install/parking_tasks/lib/python3.12/site-packages:${PYTHONPATH} /usr/bin/python3 -W ignore:setup.py install is deprecated -W ignore:easy_install command is deprecated setup.py egg_info --egg-base ../../build/parking_tasks build --build-base /home/apurv/Projects/Parking Bot Project/ros_ws/build/parking_tasks/build install --record /home/apurv/Projects/Parking Bot Project/ros_ws/build/parking_tasks/install.log --single-version-externally-managed install_data --force
[5.765s] running egg_info
[5.825s] writing ../../build/parking_tasks/parking_tasks.egg-info/PKG-INFO
[5.825s] writing dependency_links to ../../build/parking_tasks/parking_tasks.egg-info/dependency_links.txt
[5.828s] writing requirements to ../../build/parking_tasks/parking_tasks.egg-info/requires.txt
[5.830s] writing top-level names to ../../build/parking_tasks/parking_tasks.egg-info/top_level.txt
[5.940s] reading manifest file '../../build/parking_tasks/parking_tasks.egg-info/SOURCES.txt'
[5.943s] writing manifest file '../../build/parking_tasks/parking_tasks.egg-info/SOURCES.txt'
[5.943s] running build
[5.943s] running build_py
[5.947s] creating /home/apurv/Projects/Parking Bot Project/ros_ws/build/parking_tasks/build
[5.947s] creating /home/apurv/Projects/Parking Bot Project/ros_ws/build/parking_tasks/build/lib
[5.947s] creating /home/apurv/Projects/Parking Bot Project/ros_ws/build/parking_tasks/build/lib/parking_tasks
[5.947s] copying parking_tasks/__init__.py -> /home/apurv/Projects/Parking Bot Project/ros_ws/build/parking_tasks/build/lib/parking_tasks
[5.948s] running install
[5.957s] running install_lib
[6.014s] creating /home/apurv/Projects/Parking Bot Project/ros_ws/install/parking_tasks/lib/python3.12/site-packages/parking_tasks
[6.016s] copying /home/apurv/Projects/Parking Bot Project/ros_ws/build/parking_tasks/build/lib/parking_tasks/__init__.py -> /home/apurv/Projects/Parking Bot Project/ros_ws/install/parking_tasks/lib/python3.12/site-packages/parking_tasks
[6.016s] byte-compiling /home/apurv/Projects/Parking Bot Project/ros_ws/install/parking_tasks/lib/python3.12/site-packages/parking_tasks/__init__.py to __init__.cpython-312.pyc
[6.017s] running install_data
[6.017s] copying resource/parking_tasks -> /home/apurv/Projects/Parking Bot Project/ros_ws/install/parking_tasks/share/ament_index/resource_index/packages
[6.017s] copying package.xml -> /home/apurv/Projects/Parking Bot Project/ros_ws/install/parking_tasks/share/parking_tasks
[6.017s] running install_egg_info
[6.085s] Copying ../../build/parking_tasks/parking_tasks.egg-info to /home/apurv/Projects/Parking Bot Project/ros_ws/install/parking_tasks/lib/python3.12/site-packages/parking_tasks-0.0.0-py3.12.egg-info
[6.087s] running install_scripts
[6.445s] writing list of installed files to '/home/apurv/Projects/Parking Bot Project/ros_ws/build/parking_tasks/install.log'
[6.497s] Invoked command in '/home/apurv/Projects/Parking Bot Project/ros_ws/src/parking_tasks' returned '0': DEBUGINFOD_URLS=https://debuginfod.ubuntu.com PYTHONPATH=/home/apurv/Projects/Parking Bot Project/ros_ws/build/parking_tasks/prefix_override:/usr/lib/python3/dist-packages/colcon_core/task/python/colcon_distutils_commands:/home/apurv/Projects/Parking Bot Project/ros_ws/install/parking_tasks/lib/python3.12/site-packages:${PYTHONPATH} /usr/bin/python3 -W ignore:setup.py install is deprecated -W ignore:easy_install command is deprecated setup.py egg_info --egg-base ../../build/parking_tasks build --build-base /home/apurv/Projects/Parking Bot Project/ros_ws/build/parking_tasks/build install --record /home/apurv/Projects/Parking Bot Project/ros_ws/build/parking_tasks/install.log --single-version-externally-managed install_data --force
