[1.491s] Invoking command in '/home/apurv/Projects/Parking Bot Project/ros_ws/build/parking_robot_description': CMAKE_PREFIX_PATH=${CMAKE_PREFIX_PATH}:/home/apurv/Projects/Parking Bot Project/ros_ws/install/parking_utils:/home/apurv/Projects/Parking Bot Project/ros_ws/install/parking_tasks:/home/apurv/Projects/Parking Bot Project/ros_ws/install/parking_perception:/home/apurv/Projects/Parking Bot Project/ros_ws/install/parking_navigation:/home/apurv/Projects/Parking Bot Project/ros_ws/install/parking_manipulation:/home/apurv/car_lift_robot_ws/install/car_lift_robot_perception:/home/apurv/car_lift_robot_ws/install/car_lift_robot_behaviors:/opt/ros/jazzy DEBUGINFOD_URLS=https://debuginfod.ubuntu.com /usr/bin/cmake --build /home/apurv/Projects/Parking Bot Project/ros_ws/build/parking_robot_description -- -j8 -l8
[1.994s] Invoked command in '/home/apurv/Projects/Parking Bot Project/ros_ws/build/parking_robot_description' returned '0': CMAKE_PREFIX_PATH=${CMAKE_PREFIX_PATH}:/home/apurv/Projects/Parking Bot Project/ros_ws/install/parking_utils:/home/apurv/Projects/Parking Bot Project/ros_ws/install/parking_tasks:/home/apurv/Projects/Parking Bot Project/ros_ws/install/parking_perception:/home/apurv/Projects/Parking Bot Project/ros_ws/install/parking_navigation:/home/apurv/Projects/Parking Bot Project/ros_ws/install/parking_manipulation:/home/apurv/car_lift_robot_ws/install/car_lift_robot_perception:/home/apurv/car_lift_robot_ws/install/car_lift_robot_behaviors:/opt/ros/jazzy DEBUGINFOD_URLS=https://debuginfod.ubuntu.com /usr/bin/cmake --build /home/apurv/Projects/Parking Bot Project/ros_ws/build/parking_robot_description -- -j8 -l8
[1.997s] Invoking command in '/home/apurv/Projects/Parking Bot Project/ros_ws/build/parking_robot_description': CMAKE_PREFIX_PATH=${CMAKE_PREFIX_PATH}:/home/apurv/Projects/Parking Bot Project/ros_ws/install/parking_utils:/home/apurv/Projects/Parking Bot Project/ros_ws/install/parking_tasks:/home/apurv/Projects/Parking Bot Project/ros_ws/install/parking_perception:/home/apurv/Projects/Parking Bot Project/ros_ws/install/parking_navigation:/home/apurv/Projects/Parking Bot Project/ros_ws/install/parking_manipulation:/home/apurv/car_lift_robot_ws/install/car_lift_robot_perception:/home/apurv/car_lift_robot_ws/install/car_lift_robot_behaviors:/opt/ros/jazzy DEBUGINFOD_URLS=https://debuginfod.ubuntu.com /usr/bin/cmake --install /home/apurv/Projects/Parking Bot Project/ros_ws/build/parking_robot_description
[2.048s] -- Install configuration: ""
[2.050s] -- Execute custom install script
[2.050s] -- Up-to-date symlink: /home/apurv/Projects/Parking Bot Project/ros_ws/install/parking_robot_description/share/ament_index/resource_index/package_run_dependencies/parking_robot_description
[2.051s] -- Up-to-date symlink: /home/apurv/Projects/Parking Bot Project/ros_ws/install/parking_robot_description/share/ament_index/resource_index/parent_prefix_path/parking_robot_description
[2.052s] -- Up-to-date symlink: /home/apurv/Projects/Parking Bot Project/ros_ws/install/parking_robot_description/share/parking_robot_description/environment/ament_prefix_path.sh
[2.057s] -- Up-to-date symlink: /home/apurv/Projects/Parking Bot Project/ros_ws/install/parking_robot_description/share/parking_robot_description/environment/ament_prefix_path.dsv
[2.060s] -- Up-to-date symlink: /home/apurv/Projects/Parking Bot Project/ros_ws/install/parking_robot_description/share/parking_robot_description/environment/path.sh
[2.060s] -- Up-to-date symlink: /home/apurv/Projects/Parking Bot Project/ros_ws/install/parking_robot_description/share/parking_robot_description/environment/path.dsv
[2.060s] -- Up-to-date symlink: /home/apurv/Projects/Parking Bot Project/ros_ws/install/parking_robot_description/share/parking_robot_description/local_setup.bash
[2.064s] -- Up-to-date symlink: /home/apurv/Projects/Parking Bot Project/ros_ws/install/parking_robot_description/share/parking_robot_description/local_setup.sh
[2.064s] -- Up-to-date symlink: /home/apurv/Projects/Parking Bot Project/ros_ws/install/parking_robot_description/share/parking_robot_description/local_setup.zsh
[2.064s] -- Up-to-date symlink: /home/apurv/Projects/Parking Bot Project/ros_ws/install/parking_robot_description/share/parking_robot_description/local_setup.dsv
[2.065s] -- Symlinking: /home/apurv/Projects/Parking Bot Project/ros_ws/install/parking_robot_description/share/parking_robot_description/package.dsv
[2.065s] -- Up-to-date symlink: /home/apurv/Projects/Parking Bot Project/ros_ws/install/parking_robot_description/share/ament_index/resource_index/packages/parking_robot_description
[2.065s] -- Up-to-date symlink: /home/apurv/Projects/Parking Bot Project/ros_ws/install/parking_robot_description/share/parking_robot_description/cmake/parking_robot_descriptionConfig.cmake
[2.065s] -- Up-to-date symlink: /home/apurv/Projects/Parking Bot Project/ros_ws/install/parking_robot_description/share/parking_robot_description/cmake/parking_robot_descriptionConfig-version.cmake
[2.065s] -- Up-to-date symlink: /home/apurv/Projects/Parking Bot Project/ros_ws/install/parking_robot_description/share/parking_robot_description/package.xml
[2.151s] Invoked command in '/home/apurv/Projects/Parking Bot Project/ros_ws/build/parking_robot_description' returned '0': CMAKE_PREFIX_PATH=${CMAKE_PREFIX_PATH}:/home/apurv/Projects/Parking Bot Project/ros_ws/install/parking_utils:/home/apurv/Projects/Parking Bot Project/ros_ws/install/parking_tasks:/home/apurv/Projects/Parking Bot Project/ros_ws/install/parking_perception:/home/apurv/Projects/Parking Bot Project/ros_ws/install/parking_navigation:/home/apurv/Projects/Parking Bot Project/ros_ws/install/parking_manipulation:/home/apurv/car_lift_robot_ws/install/car_lift_robot_perception:/home/apurv/car_lift_robot_ws/install/car_lift_robot_behaviors:/opt/ros/jazzy DEBUGINFOD_URLS=https://debuginfod.ubuntu.com /usr/bin/cmake --install /home/apurv/Projects/Parking Bot Project/ros_ws/build/parking_robot_description
