running develop
Removing /home/apurv/Projects/Parking Bot Project/ros_ws/install/parking_utils/lib/python3.12/site-packages/parking-utils.egg-link (link to .)
running egg_info
writing ../../build/parking_utils/parking_utils.egg-info/PKG-INFO
writing dependency_links to ../../build/parking_utils/parking_utils.egg-info/dependency_links.txt
writing requirements to ../../build/parking_utils/parking_utils.egg-info/requires.txt
writing top-level names to ../../build/parking_utils/parking_utils.egg-info/top_level.txt
reading manifest file '../../build/parking_utils/parking_utils.egg-info/SOURCES.txt'
writing manifest file '../../build/parking_utils/parking_utils.egg-info/SOURCES.txt'
running build
running build_py
creating /home/apurv/Projects/Parking Bot Project/ros_ws/build/parking_utils/build
creating /home/apurv/Projects/Parking Bot Project/ros_ws/build/parking_utils/build/lib
creating /home/apurv/Projects/Parking Bot Project/ros_ws/build/parking_utils/build/lib/parking_utils
copying parking_utils/__init__.py -> /home/apurv/Projects/Parking Bot Project/ros_ws/build/parking_utils/build/lib/parking_utils
running install
running install_lib
creating /home/apurv/Projects/Parking Bot Project/ros_ws/install/parking_utils/lib/python3.12/site-packages/parking_utils
copying /home/apurv/Projects/Parking Bot Project/ros_ws/build/parking_utils/build/lib/parking_utils/__init__.py -> /home/apurv/Projects/Parking Bot Project/ros_ws/install/parking_utils/lib/python3.12/site-packages/parking_utils
byte-compiling /home/apurv/Projects/Parking Bot Project/ros_ws/install/parking_utils/lib/python3.12/site-packages/parking_utils/__init__.py to __init__.cpython-312.pyc
running install_data
copying resource/parking_utils -> /home/apurv/Projects/Parking Bot Project/ros_ws/install/parking_utils/share/ament_index/resource_index/packages
copying package.xml -> /home/apurv/Projects/Parking Bot Project/ros_ws/install/parking_utils/share/parking_utils
running install_egg_info
Copying ../../build/parking_utils/parking_utils.egg-info to /home/apurv/Projects/Parking Bot Project/ros_ws/install/parking_utils/lib/python3.12/site-packages/parking_utils-0.0.0-py3.12.egg-info
running install_scripts
writing list of installed files to '/home/apurv/Projects/Parking Bot Project/ros_ws/build/parking_utils/install.log'
