[2.658s] Invoking command in '/home/apurv/Projects/Parking Bot Project/ros_ws/build/parking_utils': DEBUGINFOD_URLS=https://debuginfod.ubuntu.com PYTHONPATH=/home/apurv/Projects/Parking Bot Project/ros_ws/build/parking_utils/prefix_override:/usr/lib/python3/dist-packages/colcon_core/task/python/colcon_distutils_commands:/home/apurv/Projects/Parking Bot Project/ros_ws/install/parking_utils/lib/python3.12/site-packages:${PYTHONPATH} /usr/bin/python3 -W ignore:setup.py install is deprecated -W ignore:easy_install command is deprecated setup.py develop --uninstall --editable --build-directory /home/apurv/Projects/Parking Bot Project/ros_ws/build/parking_utils/build
[3.689s] running develop
[4.255s] Removing /home/apurv/Projects/Parking Bot Project/ros_ws/install/parking_utils/lib/python3.12/site-packages/parking-utils.egg-link (link to .)
[4.321s] Invoked command in '/home/apurv/Projects/Parking Bot Project/ros_ws/build/parking_utils' returned '0': DEBUGINFOD_URLS=https://debuginfod.ubuntu.com PYTHONPATH=/home/apurv/Projects/Parking Bot Project/ros_ws/build/parking_utils/prefix_override:/usr/lib/python3/dist-packages/colcon_core/task/python/colcon_distutils_commands:/home/apurv/Projects/Parking Bot Project/ros_ws/install/parking_utils/lib/python3.12/site-packages:${PYTHONPATH} /usr/bin/python3 -W ignore:setup.py install is deprecated -W ignore:easy_install command is deprecated setup.py develop --uninstall --editable --build-directory /home/apurv/Projects/Parking Bot Project/ros_ws/build/parking_utils/build
[4.323s] Invoking command in '/home/apurv/Projects/Parking Bot Project/ros_ws/src/parking_utils': DEBUGINFOD_URLS=https://debuginfod.ubuntu.com PYTHONPATH=/home/apurv/Projects/Parking Bot Project/ros_ws/build/parking_utils/prefix_override:/usr/lib/python3/dist-packages/colcon_core/task/python/colcon_distutils_commands:/home/apurv/Projects/Parking Bot Project/ros_ws/install/parking_utils/lib/python3.12/site-packages:${PYTHONPATH} /usr/bin/python3 -W ignore:setup.py install is deprecated -W ignore:easy_install command is deprecated setup.py egg_info --egg-base ../../build/parking_utils build --build-base /home/apurv/Projects/Parking Bot Project/ros_ws/build/parking_utils/build install --record /home/apurv/Projects/Parking Bot Project/ros_ws/build/parking_utils/install.log --single-version-externally-managed install_data --force
[4.833s] running egg_info
[4.868s] writing ../../build/parking_utils/parking_utils.egg-info/PKG-INFO
[4.868s] writing dependency_links to ../../build/parking_utils/parking_utils.egg-info/dependency_links.txt
[4.868s] writing requirements to ../../build/parking_utils/parking_utils.egg-info/requires.txt
[4.868s] writing top-level names to ../../build/parking_utils/parking_utils.egg-info/top_level.txt
[4.943s] reading manifest file '../../build/parking_utils/parking_utils.egg-info/SOURCES.txt'
[4.944s] writing manifest file '../../build/parking_utils/parking_utils.egg-info/SOURCES.txt'
[4.944s] running build
[4.945s] running build_py
[4.945s] creating /home/apurv/Projects/Parking Bot Project/ros_ws/build/parking_utils/build
[4.945s] creating /home/apurv/Projects/Parking Bot Project/ros_ws/build/parking_utils/build/lib
[4.945s] creating /home/apurv/Projects/Parking Bot Project/ros_ws/build/parking_utils/build/lib/parking_utils
[4.945s] copying parking_utils/__init__.py -> /home/apurv/Projects/Parking Bot Project/ros_ws/build/parking_utils/build/lib/parking_utils
[4.945s] running install
[4.957s] running install_lib
[4.994s] creating /home/apurv/Projects/Parking Bot Project/ros_ws/install/parking_utils/lib/python3.12/site-packages/parking_utils
[4.995s] copying /home/apurv/Projects/Parking Bot Project/ros_ws/build/parking_utils/build/lib/parking_utils/__init__.py -> /home/apurv/Projects/Parking Bot Project/ros_ws/install/parking_utils/lib/python3.12/site-packages/parking_utils
[4.996s] byte-compiling /home/apurv/Projects/Parking Bot Project/ros_ws/install/parking_utils/lib/python3.12/site-packages/parking_utils/__init__.py to __init__.cpython-312.pyc
[4.996s] running install_data
[4.996s] copying resource/parking_utils -> /home/apurv/Projects/Parking Bot Project/ros_ws/install/parking_utils/share/ament_index/resource_index/packages
[4.996s] copying package.xml -> /home/apurv/Projects/Parking Bot Project/ros_ws/install/parking_utils/share/parking_utils
[4.996s] running install_egg_info
[5.036s] Copying ../../build/parking_utils/parking_utils.egg-info to /home/apurv/Projects/Parking Bot Project/ros_ws/install/parking_utils/lib/python3.12/site-packages/parking_utils-0.0.0-py3.12.egg-info
[5.037s] running install_scripts
[5.281s] writing list of installed files to '/home/apurv/Projects/Parking Bot Project/ros_ws/build/parking_utils/install.log'
[5.329s] Invoked command in '/home/apurv/Projects/Parking Bot Project/ros_ws/src/parking_utils' returned '0': DEBUGINFOD_URLS=https://debuginfod.ubuntu.com PYTHONPATH=/home/apurv/Projects/Parking Bot Project/ros_ws/build/parking_utils/prefix_override:/usr/lib/python3/dist-packages/colcon_core/task/python/colcon_distutils_commands:/home/apurv/Projects/Parking Bot Project/ros_ws/install/parking_utils/lib/python3.12/site-packages:${PYTHONPATH} /usr/bin/python3 -W ignore:setup.py install is deprecated -W ignore:easy_install command is deprecated setup.py egg_info --egg-base ../../build/parking_utils build --build-base /home/apurv/Projects/Parking Bot Project/ros_ws/build/parking_utils/build install --record /home/apurv/Projects/Parking Bot Project/ros_ws/build/parking_utils/install.log --single-version-externally-managed install_data --force
