-- The C compiler identification is GNU 13.3.0
-- The CXX compiler identification is GNU 13.3.0
-- Detecting C compiler ABI info
-- Detecting C compiler ABI info - done
-- Check for working C compiler: /usr/bin/cc - skipped
-- Detecting C compile features
-- Detecting C compile features - done
-- Detecting CXX compiler ABI info
-- Detecting CXX compiler ABI info - done
-- Check for working CXX compiler: /usr/bin/c++ - skipped
-- Detecting CXX compile features
-- Detecting CXX compile features - done
-- Found ament_cmake: 2.5.4 (/opt/ros/jazzy/share/ament_cmake/cmake)
-- Found Python3: /usr/bin/python3 (found version "3.12.3") found components: Interpreter 
-- Override CMake install command with custom implementation using symlinks instead of copying resources
-- Found ament_lint_auto: 0.17.3 (/opt/ros/jazzy/share/ament_lint_auto/cmake)
-- Added test 'lint_cmake' to check CMake code style
-- Added test 'xmllint' to check XML markup files
-- Configuring done (2.5s)
-- Generating done (0.0s)
-- Build files have been written to: /home/apurv/Projects/Parking Bot Project/ros_ws/build/parking_sensors
-- Install configuration: ""
-- Execute custom install script
-- Symlinking: /home/apurv/Projects/Parking Bot Project/ros_ws/install/parking_sensors/share/ament_index/resource_index/package_run_dependencies/parking_sensors
-- Symlinking: /home/apurv/Projects/Parking Bot Project/ros_ws/install/parking_sensors/share/ament_index/resource_index/parent_prefix_path/parking_sensors
-- Symlinking: /home/apurv/Projects/Parking Bot Project/ros_ws/install/parking_sensors/share/parking_sensors/environment/ament_prefix_path.sh
-- Symlinking: /home/apurv/Projects/Parking Bot Project/ros_ws/install/parking_sensors/share/parking_sensors/environment/ament_prefix_path.dsv
-- Symlinking: /home/apurv/Projects/Parking Bot Project/ros_ws/install/parking_sensors/share/parking_sensors/environment/path.sh
-- Symlinking: /home/apurv/Projects/Parking Bot Project/ros_ws/install/parking_sensors/share/parking_sensors/environment/path.dsv
-- Symlinking: /home/apurv/Projects/Parking Bot Project/ros_ws/install/parking_sensors/share/parking_sensors/local_setup.bash
-- Symlinking: /home/apurv/Projects/Parking Bot Project/ros_ws/install/parking_sensors/share/parking_sensors/local_setup.sh
-- Symlinking: /home/apurv/Projects/Parking Bot Project/ros_ws/install/parking_sensors/share/parking_sensors/local_setup.zsh
-- Symlinking: /home/apurv/Projects/Parking Bot Project/ros_ws/install/parking_sensors/share/parking_sensors/local_setup.dsv
-- Symlinking: /home/apurv/Projects/Parking Bot Project/ros_ws/install/parking_sensors/share/parking_sensors/package.dsv
-- Symlinking: /home/apurv/Projects/Parking Bot Project/ros_ws/install/parking_sensors/share/ament_index/resource_index/packages/parking_sensors
-- Symlinking: /home/apurv/Projects/Parking Bot Project/ros_ws/install/parking_sensors/share/parking_sensors/cmake/parking_sensorsConfig.cmake
-- Symlinking: /home/apurv/Projects/Parking Bot Project/ros_ws/install/parking_sensors/share/parking_sensors/cmake/parking_sensorsConfig-version.cmake
-- Symlinking: /home/apurv/Projects/Parking Bot Project/ros_ws/install/parking_sensors/share/parking_sensors/package.xml
