running develop
Removing /home/apurv/Projects/Parking Bot Project/ros_ws/install/parking_manipulation/lib/python3.12/site-packages/parking-manipulation.egg-link (link to .)
running egg_info
writing ../../build/parking_manipulation/parking_manipulation.egg-info/PKG-INFO
writing dependency_links to ../../build/parking_manipulation/parking_manipulation.egg-info/dependency_links.txt
writing requirements to ../../build/parking_manipulation/parking_manipulation.egg-info/requires.txt
writing top-level names to ../../build/parking_manipulation/parking_manipulation.egg-info/top_level.txt
reading manifest file '../../build/parking_manipulation/parking_manipulation.egg-info/SOURCES.txt'
writing manifest file '../../build/parking_manipulation/parking_manipulation.egg-info/SOURCES.txt'
running build
running build_py
creating /home/apurv/Projects/Parking Bot Project/ros_ws/build/parking_manipulation/build
creating /home/apurv/Projects/Parking Bot Project/ros_ws/build/parking_manipulation/build/lib
creating /home/apurv/Projects/Parking Bot Project/ros_ws/build/parking_manipulation/build/lib/parking_manipulation
copying parking_manipulation/__init__.py -> /home/apurv/Projects/Parking Bot Project/ros_ws/build/parking_manipulation/build/lib/parking_manipulation
running install
running install_lib
creating /home/apurv/Projects/Parking Bot Project/ros_ws/install/parking_manipulation/lib/python3.12/site-packages/parking_manipulation
copying /home/apurv/Projects/Parking Bot Project/ros_ws/build/parking_manipulation/build/lib/parking_manipulation/__init__.py -> /home/apurv/Projects/Parking Bot Project/ros_ws/install/parking_manipulation/lib/python3.12/site-packages/parking_manipulation
byte-compiling /home/apurv/Projects/Parking Bot Project/ros_ws/install/parking_manipulation/lib/python3.12/site-packages/parking_manipulation/__init__.py to __init__.cpython-312.pyc
running install_data
copying resource/parking_manipulation -> /home/apurv/Projects/Parking Bot Project/ros_ws/install/parking_manipulation/share/ament_index/resource_index/packages
copying package.xml -> /home/apurv/Projects/Parking Bot Project/ros_ws/install/parking_manipulation/share/parking_manipulation
running install_egg_info
Copying ../../build/parking_manipulation/parking_manipulation.egg-info to /home/apurv/Projects/Parking Bot Project/ros_ws/install/parking_manipulation/lib/python3.12/site-packages/parking_manipulation-0.0.0-py3.12.egg-info
running install_scripts
writing list of installed files to '/home/apurv/Projects/Parking Bot Project/ros_ws/build/parking_manipulation/install.log'
