[3.926s] Invoking command in '/home/apurv/Projects/Parking Bot Project/ros_ws/build/parking_sensors': CMAKE_PREFIX_PATH=${CMAKE_PREFIX_PATH}:/home/apurv/car_lift_robot_ws/install/car_lift_robot_perception:/home/apurv/car_lift_robot_ws/install/car_lift_robot_behaviors:/opt/ros/jazzy DEBUGINFOD_URLS=https://debuginfod.ubuntu.com /usr/bin/cmake --build /home/apurv/Projects/Parking Bot Project/ros_ws/build/parking_sensors -- -j8 -l8
[5.349s] Invoked command in '/home/apurv/Projects/Parking Bot Project/ros_ws/build/parking_sensors' returned '0': CMAKE_PREFIX_PATH=${CMAKE_PREFIX_PATH}:/home/apurv/car_lift_robot_ws/install/car_lift_robot_perception:/home/apurv/car_lift_robot_ws/install/car_lift_robot_behaviors:/opt/ros/jazzy DEBUGINFOD_URLS=https://debuginfod.ubuntu.com /usr/bin/cmake --build /home/apurv/Projects/Parking Bot Project/ros_ws/build/parking_sensors -- -j8 -l8
[5.366s] Invoking command in '/home/apurv/Projects/Parking Bot Project/ros_ws/build/parking_sensors': CMAKE_PREFIX_PATH=${CMAKE_PREFIX_PATH}:/home/apurv/car_lift_robot_ws/install/car_lift_robot_perception:/home/apurv/car_lift_robot_ws/install/car_lift_robot_behaviors:/opt/ros/jazzy DEBUGINFOD_URLS=https://debuginfod.ubuntu.com /usr/bin/cmake --install /home/apurv/Projects/Parking Bot Project/ros_ws/build/parking_sensors
[5.429s] -- Install configuration: ""
[5.453s] -- Execute custom install script
[5.462s] -- Up-to-date symlink: /home/apurv/Projects/Parking Bot Project/ros_ws/install/parking_sensors/share/ament_index/resource_index/package_run_dependencies/parking_sensors
[5.475s] -- Up-to-date symlink: /home/apurv/Projects/Parking Bot Project/ros_ws/install/parking_sensors/share/ament_index/resource_index/parent_prefix_path/parking_sensors
[5.482s] -- Up-to-date symlink: /home/apurv/Projects/Parking Bot Project/ros_ws/install/parking_sensors/share/parking_sensors/environment/ament_prefix_path.sh
[5.482s] -- Up-to-date symlink: /home/apurv/Projects/Parking Bot Project/ros_ws/install/parking_sensors/share/parking_sensors/environment/ament_prefix_path.dsv
[5.483s] -- Up-to-date symlink: /home/apurv/Projects/Parking Bot Project/ros_ws/install/parking_sensors/share/parking_sensors/environment/path.sh
[5.483s] -- Up-to-date symlink: /home/apurv/Projects/Parking Bot Project/ros_ws/install/parking_sensors/share/parking_sensors/environment/path.dsv
[5.487s] -- Up-to-date symlink: /home/apurv/Projects/Parking Bot Project/ros_ws/install/parking_sensors/share/parking_sensors/local_setup.bash
[5.492s] -- Up-to-date symlink: /home/apurv/Projects/Parking Bot Project/ros_ws/install/parking_sensors/share/parking_sensors/local_setup.sh
[5.492s] -- Up-to-date symlink: /home/apurv/Projects/Parking Bot Project/ros_ws/install/parking_sensors/share/parking_sensors/local_setup.zsh
[5.495s] -- Up-to-date symlink: /home/apurv/Projects/Parking Bot Project/ros_ws/install/parking_sensors/share/parking_sensors/local_setup.dsv
[5.497s] -- Symlinking: /home/apurv/Projects/Parking Bot Project/ros_ws/install/parking_sensors/share/parking_sensors/package.dsv
[5.575s] -- Up-to-date symlink: /home/apurv/Projects/Parking Bot Project/ros_ws/install/parking_sensors/share/ament_index/resource_index/packages/parking_sensors
[5.576s] -- Up-to-date symlink: /home/apurv/Projects/Parking Bot Project/ros_ws/install/parking_sensors/share/parking_sensors/cmake/parking_sensorsConfig.cmake
[5.577s] -- Up-to-date symlink: /home/apurv/Projects/Parking Bot Project/ros_ws/install/parking_sensors/share/parking_sensors/cmake/parking_sensorsConfig-version.cmake
[5.577s] -- Up-to-date symlink: /home/apurv/Projects/Parking Bot Project/ros_ws/install/parking_sensors/share/parking_sensors/package.xml
[6.341s] Invoked command in '/home/apurv/Projects/Parking Bot Project/ros_ws/build/parking_sensors' returned '0': CMAKE_PREFIX_PATH=${CMAKE_PREFIX_PATH}:/home/apurv/car_lift_robot_ws/install/car_lift_robot_perception:/home/apurv/car_lift_robot_ws/install/car_lift_robot_behaviors:/opt/ros/jazzy DEBUGINFOD_URLS=https://debuginfod.ubuntu.com /usr/bin/cmake --install /home/apurv/Projects/Parking Bot Project/ros_ws/build/parking_sensors
