[1.956s] Invoking command in '/home/apurv/Projects/Parking Bot Project/ros_ws/build/parking_robot_control': CMAKE_PREFIX_PATH=${CMAKE_PREFIX_PATH}:/home/apurv/Projects/Parking Bot Project/ros_ws/install/parking_utils:/home/apurv/Projects/Parking Bot Project/ros_ws/install/parking_tasks:/home/apurv/Projects/Parking Bot Project/ros_ws/install/parking_perception:/home/apurv/Projects/Parking Bot Project/ros_ws/install/parking_navigation:/home/apurv/Projects/Parking Bot Project/ros_ws/install/parking_manipulation:/home/apurv/car_lift_robot_ws/install/car_lift_robot_perception:/home/apurv/car_lift_robot_ws/install/car_lift_robot_behaviors:/opt/ros/jazzy DEBUGINFOD_URLS=https://debuginfod.ubuntu.com /usr/bin/cmake --build /home/apurv/Projects/Parking Bot Project/ros_ws/build/parking_robot_control -- -j8 -l8
[3.020s] Invoked command in '/home/apurv/Projects/Parking Bot Project/ros_ws/build/parking_robot_control' returned '0': CMAKE_PREFIX_PATH=${CMAKE_PREFIX_PATH}:/home/apurv/Projects/Parking Bot Project/ros_ws/install/parking_utils:/home/apurv/Projects/Parking Bot Project/ros_ws/install/parking_tasks:/home/apurv/Projects/Parking Bot Project/ros_ws/install/parking_perception:/home/apurv/Projects/Parking Bot Project/ros_ws/install/parking_navigation:/home/apurv/Projects/Parking Bot Project/ros_ws/install/parking_manipulation:/home/apurv/car_lift_robot_ws/install/car_lift_robot_perception:/home/apurv/car_lift_robot_ws/install/car_lift_robot_behaviors:/opt/ros/jazzy DEBUGINFOD_URLS=https://debuginfod.ubuntu.com /usr/bin/cmake --build /home/apurv/Projects/Parking Bot Project/ros_ws/build/parking_robot_control -- -j8 -l8
[3.150s] Invoking command in '/home/apurv/Projects/Parking Bot Project/ros_ws/build/parking_robot_control': CMAKE_PREFIX_PATH=${CMAKE_PREFIX_PATH}:/home/apurv/Projects/Parking Bot Project/ros_ws/install/parking_utils:/home/apurv/Projects/Parking Bot Project/ros_ws/install/parking_tasks:/home/apurv/Projects/Parking Bot Project/ros_ws/install/parking_perception:/home/apurv/Projects/Parking Bot Project/ros_ws/install/parking_navigation:/home/apurv/Projects/Parking Bot Project/ros_ws/install/parking_manipulation:/home/apurv/car_lift_robot_ws/install/car_lift_robot_perception:/home/apurv/car_lift_robot_ws/install/car_lift_robot_behaviors:/opt/ros/jazzy DEBUGINFOD_URLS=https://debuginfod.ubuntu.com /usr/bin/cmake --install /home/apurv/Projects/Parking Bot Project/ros_ws/build/parking_robot_control
[3.374s] -- Install configuration: ""
[3.374s] -- Execute custom install script
[3.375s] -- Up-to-date symlink: /home/apurv/Projects/Parking Bot Project/ros_ws/install/parking_robot_control/share/ament_index/resource_index/package_run_dependencies/parking_robot_control
[3.375s] -- Up-to-date symlink: /home/apurv/Projects/Parking Bot Project/ros_ws/install/parking_robot_control/share/ament_index/resource_index/parent_prefix_path/parking_robot_control
[3.401s] -- Up-to-date symlink: /home/apurv/Projects/Parking Bot Project/ros_ws/install/parking_robot_control/share/parking_robot_control/environment/ament_prefix_path.sh
[3.403s] -- Up-to-date symlink: /home/apurv/Projects/Parking Bot Project/ros_ws/install/parking_robot_control/share/parking_robot_control/environment/ament_prefix_path.dsv
[3.404s] -- Up-to-date symlink: /home/apurv/Projects/Parking Bot Project/ros_ws/install/parking_robot_control/share/parking_robot_control/environment/path.sh
[3.404s] -- Up-to-date symlink: /home/apurv/Projects/Parking Bot Project/ros_ws/install/parking_robot_control/share/parking_robot_control/environment/path.dsv
[3.427s] -- Up-to-date symlink: /home/apurv/Projects/Parking Bot Project/ros_ws/install/parking_robot_control/share/parking_robot_control/local_setup.bash
[3.427s] -- Up-to-date symlink: /home/apurv/Projects/Parking Bot Project/ros_ws/install/parking_robot_control/share/parking_robot_control/local_setup.sh
[3.428s] -- Up-to-date symlink: /home/apurv/Projects/Parking Bot Project/ros_ws/install/parking_robot_control/share/parking_robot_control/local_setup.zsh
[3.432s] -- Up-to-date symlink: /home/apurv/Projects/Parking Bot Project/ros_ws/install/parking_robot_control/share/parking_robot_control/local_setup.dsv
[3.433s] -- Symlinking: /home/apurv/Projects/Parking Bot Project/ros_ws/install/parking_robot_control/share/parking_robot_control/package.dsv
[3.443s] -- Up-to-date symlink: /home/apurv/Projects/Parking Bot Project/ros_ws/install/parking_robot_control/share/ament_index/resource_index/packages/parking_robot_control
[3.457s] -- Up-to-date symlink: /home/apurv/Projects/Parking Bot Project/ros_ws/install/parking_robot_control/share/parking_robot_control/cmake/parking_robot_controlConfig.cmake
[3.466s] -- Up-to-date symlink: /home/apurv/Projects/Parking Bot Project/ros_ws/install/parking_robot_control/share/parking_robot_control/cmake/parking_robot_controlConfig-version.cmake
[3.467s] -- Up-to-date symlink: /home/apurv/Projects/Parking Bot Project/ros_ws/install/parking_robot_control/share/parking_robot_control/package.xml
[3.497s] Invoked command in '/home/apurv/Projects/Parking Bot Project/ros_ws/build/parking_robot_control' returned '0': CMAKE_PREFIX_PATH=${CMAKE_PREFIX_PATH}:/home/apurv/Projects/Parking Bot Project/ros_ws/install/parking_utils:/home/apurv/Projects/Parking Bot Project/ros_ws/install/parking_tasks:/home/apurv/Projects/Parking Bot Project/ros_ws/install/parking_perception:/home/apurv/Projects/Parking Bot Project/ros_ws/install/parking_navigation:/home/apurv/Projects/Parking Bot Project/ros_ws/install/parking_manipulation:/home/apurv/car_lift_robot_ws/install/car_lift_robot_perception:/home/apurv/car_lift_robot_ws/install/car_lift_robot_behaviors:/opt/ros/jazzy DEBUGINFOD_URLS=https://debuginfod.ubuntu.com /usr/bin/cmake --install /home/apurv/Projects/Parking Bot Project/ros_ws/build/parking_robot_control
