running develop
Removing /home/apurv/Projects/Parking Bot Project/ros_ws/install/parking_perception/lib/python3.12/site-packages/parking-perception.egg-link (link to .)
running egg_info
writing ../../build/parking_perception/parking_perception.egg-info/PKG-INFO
writing dependency_links to ../../build/parking_perception/parking_perception.egg-info/dependency_links.txt
writing requirements to ../../build/parking_perception/parking_perception.egg-info/requires.txt
writing top-level names to ../../build/parking_perception/parking_perception.egg-info/top_level.txt
reading manifest file '../../build/parking_perception/parking_perception.egg-info/SOURCES.txt'
writing manifest file '../../build/parking_perception/parking_perception.egg-info/SOURCES.txt'
running build
running build_py
creating /home/apurv/Projects/Parking Bot Project/ros_ws/build/parking_perception/build
creating /home/apurv/Projects/Parking Bot Project/ros_ws/build/parking_perception/build/lib
creating /home/apurv/Projects/Parking Bot Project/ros_ws/build/parking_perception/build/lib/parking_perception
copying parking_perception/__init__.py -> /home/apurv/Projects/Parking Bot Project/ros_ws/build/parking_perception/build/lib/parking_perception
running install
running install_lib
creating /home/apurv/Projects/Parking Bot Project/ros_ws/install/parking_perception/lib/python3.12/site-packages/parking_perception
copying /home/apurv/Projects/Parking Bot Project/ros_ws/build/parking_perception/build/lib/parking_perception/__init__.py -> /home/apurv/Projects/Parking Bot Project/ros_ws/install/parking_perception/lib/python3.12/site-packages/parking_perception
byte-compiling /home/apurv/Projects/Parking Bot Project/ros_ws/install/parking_perception/lib/python3.12/site-packages/parking_perception/__init__.py to __init__.cpython-312.pyc
running install_data
copying resource/parking_perception -> /home/apurv/Projects/Parking Bot Project/ros_ws/install/parking_perception/share/ament_index/resource_index/packages
copying package.xml -> /home/apurv/Projects/Parking Bot Project/ros_ws/install/parking_perception/share/parking_perception
running install_egg_info
Copying ../../build/parking_perception/parking_perception.egg-info to /home/apurv/Projects/Parking Bot Project/ros_ws/install/parking_perception/lib/python3.12/site-packages/parking_perception-0.0.0-py3.12.egg-info
running install_scripts
writing list of installed files to '/home/apurv/Projects/Parking Bot Project/ros_ws/build/parking_perception/install.log'
