[3.614s] Invoking command in '/home/apurv/Projects/Parking Bot Project/ros_ws/build/parking_perception': DEBUGINFOD_URLS=https://debuginfod.ubuntu.com PYTHONPATH=/home/apurv/Projects/Parking Bot Project/ros_ws/build/parking_perception/prefix_override:/usr/lib/python3/dist-packages/colcon_core/task/python/colcon_distutils_commands:/home/apurv/Projects/Parking Bot Project/ros_ws/install/parking_perception/lib/python3.12/site-packages:${PYTHONPATH} /usr/bin/python3 -W ignore:setup.py install is deprecated -W ignore:easy_install command is deprecated setup.py develop --uninstall --editable --build-directory /home/apurv/Projects/Parking Bot Project/ros_ws/build/parking_perception/build
[4.665s] running develop
[5.328s] Removing /home/apurv/Projects/Parking Bot Project/ros_ws/install/parking_perception/lib/python3.12/site-packages/parking-perception.egg-link (link to .)
[5.418s] Invoked command in '/home/apurv/Projects/Parking Bot Project/ros_ws/build/parking_perception' returned '0': DEBUGINFOD_URLS=https://debuginfod.ubuntu.com PYTHONPATH=/home/apurv/Projects/Parking Bot Project/ros_ws/build/parking_perception/prefix_override:/usr/lib/python3/dist-packages/colcon_core/task/python/colcon_distutils_commands:/home/apurv/Projects/Parking Bot Project/ros_ws/install/parking_perception/lib/python3.12/site-packages:${PYTHONPATH} /usr/bin/python3 -W ignore:setup.py install is deprecated -W ignore:easy_install command is deprecated setup.py develop --uninstall --editable --build-directory /home/apurv/Projects/Parking Bot Project/ros_ws/build/parking_perception/build
[5.419s] Invoking command in '/home/apurv/Projects/Parking Bot Project/ros_ws/src/parking_perception': DEBUGINFOD_URLS=https://debuginfod.ubuntu.com PYTHONPATH=/home/apurv/Projects/Parking Bot Project/ros_ws/build/parking_perception/prefix_override:/usr/lib/python3/dist-packages/colcon_core/task/python/colcon_distutils_commands:/home/apurv/Projects/Parking Bot Project/ros_ws/install/parking_perception/lib/python3.12/site-packages:${PYTHONPATH} /usr/bin/python3 -W ignore:setup.py install is deprecated -W ignore:easy_install command is deprecated setup.py egg_info --egg-base ../../build/parking_perception build --build-base /home/apurv/Projects/Parking Bot Project/ros_ws/build/parking_perception/build install --record /home/apurv/Projects/Parking Bot Project/ros_ws/build/parking_perception/install.log --single-version-externally-managed install_data --force
[6.132s] running egg_info
[6.228s] writing ../../build/parking_perception/parking_perception.egg-info/PKG-INFO
[6.229s] writing dependency_links to ../../build/parking_perception/parking_perception.egg-info/dependency_links.txt
[6.230s] writing requirements to ../../build/parking_perception/parking_perception.egg-info/requires.txt
[6.230s] writing top-level names to ../../build/parking_perception/parking_perception.egg-info/top_level.txt
[6.377s] reading manifest file '../../build/parking_perception/parking_perception.egg-info/SOURCES.txt'
[6.379s] writing manifest file '../../build/parking_perception/parking_perception.egg-info/SOURCES.txt'
[6.380s] running build
[6.380s] running build_py
[6.380s] creating /home/apurv/Projects/Parking Bot Project/ros_ws/build/parking_perception/build
[6.380s] creating /home/apurv/Projects/Parking Bot Project/ros_ws/build/parking_perception/build/lib
[6.381s] creating /home/apurv/Projects/Parking Bot Project/ros_ws/build/parking_perception/build/lib/parking_perception
[6.381s] copying parking_perception/__init__.py -> /home/apurv/Projects/Parking Bot Project/ros_ws/build/parking_perception/build/lib/parking_perception
[6.381s] running install
[6.404s] running install_lib
[6.472s] creating /home/apurv/Projects/Parking Bot Project/ros_ws/install/parking_perception/lib/python3.12/site-packages/parking_perception
[6.473s] copying /home/apurv/Projects/Parking Bot Project/ros_ws/build/parking_perception/build/lib/parking_perception/__init__.py -> /home/apurv/Projects/Parking Bot Project/ros_ws/install/parking_perception/lib/python3.12/site-packages/parking_perception
[6.474s] byte-compiling /home/apurv/Projects/Parking Bot Project/ros_ws/install/parking_perception/lib/python3.12/site-packages/parking_perception/__init__.py to __init__.cpython-312.pyc
[6.474s] running install_data
[6.475s] copying resource/parking_perception -> /home/apurv/Projects/Parking Bot Project/ros_ws/install/parking_perception/share/ament_index/resource_index/packages
[6.475s] copying package.xml -> /home/apurv/Projects/Parking Bot Project/ros_ws/install/parking_perception/share/parking_perception
[6.476s] running install_egg_info
[6.547s] Copying ../../build/parking_perception/parking_perception.egg-info to /home/apurv/Projects/Parking Bot Project/ros_ws/install/parking_perception/lib/python3.12/site-packages/parking_perception-0.0.0-py3.12.egg-info
[6.547s] running install_scripts
[6.923s] writing list of installed files to '/home/apurv/Projects/Parking Bot Project/ros_ws/build/parking_perception/install.log'
[6.979s] Invoked command in '/home/apurv/Projects/Parking Bot Project/ros_ws/src/parking_perception' returned '0': DEBUGINFOD_URLS=https://debuginfod.ubuntu.com PYTHONPATH=/home/apurv/Projects/Parking Bot Project/ros_ws/build/parking_perception/prefix_override:/usr/lib/python3/dist-packages/colcon_core/task/python/colcon_distutils_commands:/home/apurv/Projects/Parking Bot Project/ros_ws/install/parking_perception/lib/python3.12/site-packages:${PYTHONPATH} /usr/bin/python3 -W ignore:setup.py install is deprecated -W ignore:easy_install command is deprecated setup.py egg_info --egg-base ../../build/parking_perception build --build-base /home/apurv/Projects/Parking Bot Project/ros_ws/build/parking_perception/build install --record /home/apurv/Projects/Parking Bot Project/ros_ws/build/parking_perception/install.log --single-version-externally-managed install_data --force
