-- Found ament_cmake: 2.5.4 (/opt/ros/jazzy/share/ament_cmake/cmake)
-- Override CMake install command with custom implementation using symlinks instead of copying resources
-- Found ament_lint_auto: 0.17.3 (/opt/ros/jazzy/share/ament_lint_auto/cmake)
-- Added test 'lint_cmake' to check CMake code style
-- Added test 'xmllint' to check XML markup files
-- Configuring done (1.0s)
-- Generating done (0.0s)
-- Build files have been written to: /home/apurv/Projects/Parking Bot Project/ros_ws/build/parking_prd_bringup
-- Install configuration: ""
-- Execute custom install script
-- Up-to-date symlink: /home/apurv/Projects/Parking Bot Project/ros_ws/install/parking_prd_bringup/share/ament_index/resource_index/package_run_dependencies/parking_prd_bringup
-- Up-to-date symlink: /home/apurv/Projects/Parking Bot Project/ros_ws/install/parking_prd_bringup/share/ament_index/resource_index/parent_prefix_path/parking_prd_bringup
-- Up-to-date symlink: /home/apurv/Projects/Parking Bot Project/ros_ws/install/parking_prd_bringup/share/parking_prd_bringup/environment/ament_prefix_path.sh
-- Up-to-date symlink: /home/apurv/Projects/Parking Bot Project/ros_ws/install/parking_prd_bringup/share/parking_prd_bringup/environment/ament_prefix_path.dsv
-- Up-to-date symlink: /home/apurv/Projects/Parking Bot Project/ros_ws/install/parking_prd_bringup/share/parking_prd_bringup/environment/path.sh
-- Up-to-date symlink: /home/apurv/Projects/Parking Bot Project/ros_ws/install/parking_prd_bringup/share/parking_prd_bringup/environment/path.dsv
-- Up-to-date symlink: /home/apurv/Projects/Parking Bot Project/ros_ws/install/parking_prd_bringup/share/parking_prd_bringup/local_setup.bash
-- Up-to-date symlink: /home/apurv/Projects/Parking Bot Project/ros_ws/install/parking_prd_bringup/share/parking_prd_bringup/local_setup.sh
-- Up-to-date symlink: /home/apurv/Projects/Parking Bot Project/ros_ws/install/parking_prd_bringup/share/parking_prd_bringup/local_setup.zsh
-- Up-to-date symlink: /home/apurv/Projects/Parking Bot Project/ros_ws/install/parking_prd_bringup/share/parking_prd_bringup/local_setup.dsv
-- Symlinking: /home/apurv/Projects/Parking Bot Project/ros_ws/install/parking_prd_bringup/share/parking_prd_bringup/package.dsv
-- Up-to-date symlink: /home/apurv/Projects/Parking Bot Project/ros_ws/install/parking_prd_bringup/share/ament_index/resource_index/packages/parking_prd_bringup
-- Up-to-date symlink: /home/apurv/Projects/Parking Bot Project/ros_ws/install/parking_prd_bringup/share/parking_prd_bringup/cmake/parking_prd_bringupConfig.cmake
-- Up-to-date symlink: /home/apurv/Projects/Parking Bot Project/ros_ws/install/parking_prd_bringup/share/parking_prd_bringup/cmake/parking_prd_bringupConfig-version.cmake
-- Up-to-date symlink: /home/apurv/Projects/Parking Bot Project/ros_ws/install/parking_prd_bringup/share/parking_prd_bringup/package.xml
