[1.382s] Invoking command in '/home/apurv/Projects/Parking Bot Project/ros_ws/build/parking_robot_description': CMAKE_PREFIX_PATH=${CMAKE_PREFIX_PATH}:/home/apurv/Projects/Parking Bot Project/ros_ws/install/parking_utils:/home/apurv/Projects/Parking Bot Project/ros_ws/install/parking_tasks:/home/apurv/Projects/Parking Bot Project/ros_ws/install/parking_perception:/home/apurv/Projects/Parking Bot Project/ros_ws/install/parking_navigation:/home/apurv/Projects/Parking Bot Project/ros_ws/install/parking_manipulation:/home/apurv/car_lift_robot_ws/install/car_lift_robot_perception:/home/apurv/car_lift_robot_ws/install/car_lift_robot_behaviors:/opt/ros/jazzy DEBUGINFOD_URLS=https://debuginfod.ubuntu.com /usr/bin/cmake /home/apurv/Projects/Parking Bot Project/ros_ws/src/parking_robot_description -DCMAKE_INSTALL_PREFIX=/home/apurv/Projects/Parking Bot Project/ros_ws/install/parking_robot_description
[1.405s] -- Found ament_cmake: 2.5.4 (/opt/ros/jazzy/share/ament_cmake/cmake)
[1.937s] -- Override CMake install command with custom implementation using symlinks instead of copying resources
[1.958s] -- Found ament_lint_auto: 0.17.3 (/opt/ros/jazzy/share/ament_lint_auto/cmake)
[2.289s] -- Added test 'lint_cmake' to check CMake code style
[2.295s] -- Added test 'xmllint' to check XML markup files
[2.303s] -- Configuring done (0.9s)
[2.330s] -- Generating done (0.0s)
[2.345s] -- Build files have been written to: /home/apurv/Projects/Parking Bot Project/ros_ws/build/parking_robot_description
[2.391s] Invoked command in '/home/apurv/Projects/Parking Bot Project/ros_ws/build/parking_robot_description' returned '0': CMAKE_PREFIX_PATH=${CMAKE_PREFIX_PATH}:/home/apurv/Projects/Parking Bot Project/ros_ws/install/parking_utils:/home/apurv/Projects/Parking Bot Project/ros_ws/install/parking_tasks:/home/apurv/Projects/Parking Bot Project/ros_ws/install/parking_perception:/home/apurv/Projects/Parking Bot Project/ros_ws/install/parking_navigation:/home/apurv/Projects/Parking Bot Project/ros_ws/install/parking_manipulation:/home/apurv/car_lift_robot_ws/install/car_lift_robot_perception:/home/apurv/car_lift_robot_ws/install/car_lift_robot_behaviors:/opt/ros/jazzy DEBUGINFOD_URLS=https://debuginfod.ubuntu.com /usr/bin/cmake /home/apurv/Projects/Parking Bot Project/ros_ws/src/parking_robot_description -DCMAKE_INSTALL_PREFIX=/home/apurv/Projects/Parking Bot Project/ros_ws/install/parking_robot_description
[2.393s] Invoking command in '/home/apurv/Projects/Parking Bot Project/ros_ws/build/parking_robot_description': CMAKE_PREFIX_PATH=${CMAKE_PREFIX_PATH}:/home/apurv/Projects/Parking Bot Project/ros_ws/install/parking_utils:/home/apurv/Projects/Parking Bot Project/ros_ws/install/parking_tasks:/home/apurv/Projects/Parking Bot Project/ros_ws/install/parking_perception:/home/apurv/Projects/Parking Bot Project/ros_ws/install/parking_navigation:/home/apurv/Projects/Parking Bot Project/ros_ws/install/parking_manipulation:/home/apurv/car_lift_robot_ws/install/car_lift_robot_perception:/home/apurv/car_lift_robot_ws/install/car_lift_robot_behaviors:/opt/ros/jazzy DEBUGINFOD_URLS=https://debuginfod.ubuntu.com /usr/bin/cmake --build /home/apurv/Projects/Parking Bot Project/ros_ws/build/parking_robot_description -- -j8 -l8
[2.576s] Invoked command in '/home/apurv/Projects/Parking Bot Project/ros_ws/build/parking_robot_description' returned '0': CMAKE_PREFIX_PATH=${CMAKE_PREFIX_PATH}:/home/apurv/Projects/Parking Bot Project/ros_ws/install/parking_utils:/home/apurv/Projects/Parking Bot Project/ros_ws/install/parking_tasks:/home/apurv/Projects/Parking Bot Project/ros_ws/install/parking_perception:/home/apurv/Projects/Parking Bot Project/ros_ws/install/parking_navigation:/home/apurv/Projects/Parking Bot Project/ros_ws/install/parking_manipulation:/home/apurv/car_lift_robot_ws/install/car_lift_robot_perception:/home/apurv/car_lift_robot_ws/install/car_lift_robot_behaviors:/opt/ros/jazzy DEBUGINFOD_URLS=https://debuginfod.ubuntu.com /usr/bin/cmake --build /home/apurv/Projects/Parking Bot Project/ros_ws/build/parking_robot_description -- -j8 -l8
[2.580s] Invoking command in '/home/apurv/Projects/Parking Bot Project/ros_ws/build/parking_robot_description': CMAKE_PREFIX_PATH=${CMAKE_PREFIX_PATH}:/home/apurv/Projects/Parking Bot Project/ros_ws/install/parking_utils:/home/apurv/Projects/Parking Bot Project/ros_ws/install/parking_tasks:/home/apurv/Projects/Parking Bot Project/ros_ws/install/parking_perception:/home/apurv/Projects/Parking Bot Project/ros_ws/install/parking_navigation:/home/apurv/Projects/Parking Bot Project/ros_ws/install/parking_manipulation:/home/apurv/car_lift_robot_ws/install/car_lift_robot_perception:/home/apurv/car_lift_robot_ws/install/car_lift_robot_behaviors:/opt/ros/jazzy DEBUGINFOD_URLS=https://debuginfod.ubuntu.com /usr/bin/cmake --install /home/apurv/Projects/Parking Bot Project/ros_ws/build/parking_robot_description
[2.615s] -- Install configuration: ""
[2.619s] -- Execute custom install script
[2.620s] -- Up-to-date symlink: /home/apurv/Projects/Parking Bot Project/ros_ws/install/parking_robot_description/share/ament_index/resource_index/package_run_dependencies/parking_robot_description
[2.620s] -- Up-to-date symlink: /home/apurv/Projects/Parking Bot Project/ros_ws/install/parking_robot_description/share/ament_index/resource_index/parent_prefix_path/parking_robot_description
[2.624s] -- Up-to-date symlink: /home/apurv/Projects/Parking Bot Project/ros_ws/install/parking_robot_description/share/parking_robot_description/environment/ament_prefix_path.sh
[2.624s] -- Up-to-date symlink: /home/apurv/Projects/Parking Bot Project/ros_ws/install/parking_robot_description/share/parking_robot_description/environment/ament_prefix_path.dsv
[2.624s] -- Up-to-date symlink: /home/apurv/Projects/Parking Bot Project/ros_ws/install/parking_robot_description/share/parking_robot_description/environment/path.sh
[2.628s] -- Up-to-date symlink: /home/apurv/Projects/Parking Bot Project/ros_ws/install/parking_robot_description/share/parking_robot_description/environment/path.dsv
[2.635s] -- Up-to-date symlink: /home/apurv/Projects/Parking Bot Project/ros_ws/install/parking_robot_description/share/parking_robot_description/local_setup.bash
[2.635s] -- Up-to-date symlink: /home/apurv/Projects/Parking Bot Project/ros_ws/install/parking_robot_description/share/parking_robot_description/local_setup.sh
[2.635s] -- Up-to-date symlink: /home/apurv/Projects/Parking Bot Project/ros_ws/install/parking_robot_description/share/parking_robot_description/local_setup.zsh
[2.636s] -- Up-to-date symlink: /home/apurv/Projects/Parking Bot Project/ros_ws/install/parking_robot_description/share/parking_robot_description/local_setup.dsv
[2.637s] -- Symlinking: /home/apurv/Projects/Parking Bot Project/ros_ws/install/parking_robot_description/share/parking_robot_description/package.dsv
[2.668s] -- Up-to-date symlink: /home/apurv/Projects/Parking Bot Project/ros_ws/install/parking_robot_description/share/ament_index/resource_index/packages/parking_robot_description
[2.672s] -- Up-to-date symlink: /home/apurv/Projects/Parking Bot Project/ros_ws/install/parking_robot_description/share/parking_robot_description/cmake/parking_robot_descriptionConfig.cmake
[2.673s] -- Up-to-date symlink: /home/apurv/Projects/Parking Bot Project/ros_ws/install/parking_robot_description/share/parking_robot_description/cmake/parking_robot_descriptionConfig-version.cmake
[2.673s] -- Up-to-date symlink: /home/apurv/Projects/Parking Bot Project/ros_ws/install/parking_robot_description/share/parking_robot_description/package.xml
[2.789s] Invoked command in '/home/apurv/Projects/Parking Bot Project/ros_ws/build/parking_robot_description' returned '0': CMAKE_PREFIX_PATH=${CMAKE_PREFIX_PATH}:/home/apurv/Projects/Parking Bot Project/ros_ws/install/parking_utils:/home/apurv/Projects/Parking Bot Project/ros_ws/install/parking_tasks:/home/apurv/Projects/Parking Bot Project/ros_ws/install/parking_perception:/home/apurv/Projects/Parking Bot Project/ros_ws/install/parking_navigation:/home/apurv/Projects/Parking Bot Project/ros_ws/install/parking_manipulation:/home/apurv/car_lift_robot_ws/install/car_lift_robot_perception:/home/apurv/car_lift_robot_ws/install/car_lift_robot_behaviors:/opt/ros/jazzy DEBUGINFOD_URLS=https://debuginfod.ubuntu.com /usr/bin/cmake --install /home/apurv/Projects/Parking Bot Project/ros_ws/build/parking_robot_description
